mode: atomic
file-service/cmd/file-service/main.go:12.13,22.2 1 1
file-service/config/config.go:18.30,22.39 3 0
file-service/config/config.go:22.39,24.3 1 0
file-service/config/config.go:26.2,26.17 1 0
file-service/config/error.go:7.47,9.2 1 0
file-service/internal/application/service.go:22.114,23.17 1 0
file-service/internal/application/service.go:23.17,25.3 1 0
file-service/internal/application/service.go:26.2,26.20 1 0
file-service/internal/application/service.go:26.20,28.3 1 0
file-service/internal/application/service.go:29.2,30.18 2 0
file-service/internal/application/service.go:30.18,32.3 1 0
file-service/internal/application/service.go:33.2,33.16 1 0
file-service/internal/application/service.go:33.16,35.3 1 0
file-service/internal/application/service.go:37.2,42.8 1 0
file-service/internal/application/service.go:45.109,51.16 2 0
file-service/internal/application/service.go:51.16,53.3 1 0
file-service/internal/application/service.go:55.2,55.22 1 0
file-service/internal/application/service.go:58.113,61.19 3 0
file-service/internal/application/service.go:61.19,63.3 1 0
file-service/internal/application/service.go:64.2,64.18 1 0
file-service/internal/application/service.go:64.18,66.3 1 0
file-service/internal/application/service.go:67.2,67.28 1 0
file-service/internal/application/service.go:67.28,69.3 1 0
file-service/internal/application/service.go:71.2,72.36 2 0
file-service/internal/application/service.go:72.36,74.17 2 0
file-service/internal/application/service.go:74.17,77.4 2 0
file-service/internal/application/service.go:78.3,78.34 1 0
file-service/internal/application/service.go:81.2,81.21 1 0
file-service/internal/application/service.go:84.132,87.9 3 0
file-service/internal/application/service.go:88.22,89.40 1 0
file-service/internal/application/service.go:90.25,91.43 1 0
file-service/internal/application/service.go:92.29,93.40 1 0
file-service/internal/application/service.go:96.2,101.16 5 0
file-service/internal/application/service.go:101.16,104.3 2 0
file-service/internal/application/service.go:106.2,121.16 4 0
file-service/internal/application/service.go:121.16,125.3 3 0
file-service/internal/application/service.go:127.2,127.21 1 0
file-service/internal/application/service.go:130.89,132.18 2 0
file-service/internal/application/service.go:132.18,134.3 1 0
file-service/internal/application/service.go:136.2,136.36 1 0
file-service/internal/application/service.go:139.76,141.18 2 0
file-service/internal/application/service.go:141.18,143.3 1 0
file-service/internal/application/service.go:145.2,146.16 2 0
file-service/internal/application/service.go:146.16,148.3 1 0
file-service/internal/application/service.go:150.2,150.64 1 0
file-service/internal/application/service.go:150.64,153.3 2 0
file-service/internal/application/service.go:154.2,154.55 1 0
file-service/internal/application/service.go:154.55,156.3 1 0
file-service/internal/application/service.go:158.2,158.12 1 0
file-service/internal/application/service.go:161.68,162.39 1 0
file-service/internal/application/service.go:162.39,164.18 2 0
file-service/internal/application/service.go:164.18,165.12 1 0
file-service/internal/application/service.go:167.3,168.63 2 0
file-service/internal/application/service.go:172.56,173.15 1 0
file-service/internal/application/service.go:173.15,175.3 1 0
file-service/internal/application/service.go:177.2,177.42 1 0
file-service/internal/fx/app.go:15.40,17.2 1 0
file-service/internal/fx/config.go:15.46,17.2 1 0
file-service/internal/fx/logger.go:16.64,18.2 1 0
file-service/internal/fx/presentation.go:25.115,27.2 1 0
file-service/internal/fx/presentation.go:31.66,33.40 1 0
file-service/internal/fx/presentation.go:33.40,34.14 1 0
file-service/internal/fx/presentation.go:34.14,35.39 1 0
file-service/internal/fx/presentation.go:35.39,36.16 1 0
file-service/internal/fx/presentation.go:39.4,39.14 1 0
file-service/internal/fx/presentation.go:41.43,43.4 1 0
file-service/internal/fx/repository.go:18.78,20.2 1 0
file-service/internal/fx/service.go:18.145,20.2 1 0
file-service/internal/fx/storage.go:30.107,43.16 2 0
file-service/internal/fx/storage.go:43.16,46.3 2 0
file-service/internal/fx/storage.go:47.2,50.39 2 0
file-service/internal/fx/storage.go:50.39,53.4 2 0
file-service/internal/fx/storage.go:56.2,56.17 1 0
file-service/internal/fx/storage.go:60.94,69.16 2 0
file-service/internal/fx/storage.go:69.16,72.3 2 0
file-service/internal/fx/storage.go:74.2,74.21 1 0
file-service/internal/infra/write/scylla/error.go:9.43,11.2 1 0
file-service/internal/infra/write/scylla/error.go:14.41,16.2 1 0
file-service/internal/infra/write/scylla/error.go:19.43,21.2 1 0
file-service/internal/infra/write/scylla/repository.go:32.65,34.2 1 0
file-service/internal/infra/write/scylla/repository.go:40.62,43.2 2 0
file-service/internal/infra/write/scylla/repository.go:45.72,48.2 2 0
file-service/internal/infra/write/scylla/repository.go:50.36,52.2 1 0
file-service/internal/infra/write/scylla/repository.go:54.47,56.2 1 0
file-service/internal/infra/write/scylla/repository.go:59.60,60.15 1 0
file-service/internal/infra/write/scylla/repository.go:60.15,62.3 1 0
file-service/internal/infra/write/scylla/repository.go:64.2,64.47 1 0
file-service/internal/infra/write/scylla/repository.go:67.84,72.40 2 0
file-service/internal/infra/write/scylla/repository.go:72.40,74.3 1 0
file-service/internal/infra/write/scylla/repository.go:76.2,76.32 1 0
file-service/internal/infra/write/scylla/repository.go:79.82,82.171 2 0
file-service/internal/infra/write/scylla/repository.go:82.171,83.40 1 0
file-service/internal/infra/write/scylla/repository.go:83.40,85.4 1 0
file-service/internal/infra/write/scylla/repository.go:86.3,86.37 1 0
file-service/internal/infra/write/scylla/repository.go:89.2,89.44 1 0
file-service/internal/infra/write/scylla/repository.go:92.69,93.50 1 0
file-service/internal/infra/write/scylla/repository.go:93.50,95.3 1 0
file-service/internal/infra/write/scylla/repository.go:96.2,96.88 1 0
file-service/internal/infra/write/scylla/repository.go:96.88,98.3 1 0
file-service/internal/infra/write/scylla/repository.go:100.2,100.12 1 0
file-service/internal/infra/write/scylla/mapper/mapper.go:9.57,22.2 1 0
file-service/internal/infra/write/scylla/mapper/mapper.go:25.57,38.2 1 0
file-service/internal/presentation/grpc/mapper.go:29.51,31.2 1 0
file-service/internal/presentation/grpc/mapper.go:33.92,41.2 1 0
file-service/internal/presentation/grpc/mapper.go:43.99,45.38 2 0
file-service/internal/presentation/grpc/mapper.go:45.38,53.3 1 0
file-service/internal/presentation/grpc/mapper.go:55.2,59.3 1 0
file-service/internal/presentation/grpc/mapper.go:62.69,63.17 1 0
file-service/internal/presentation/grpc/mapper.go:63.17,65.3 1 0
file-service/internal/presentation/grpc/mapper.go:67.2,78.3 1 0
file-service/internal/presentation/grpc/mapper.go:81.85,83.2 1 0
file-service/internal/presentation/grpc/mapper.go:85.94,87.21 2 0
file-service/internal/presentation/grpc/mapper.go:87.21,89.3 1 0
file-service/internal/presentation/grpc/mapper.go:91.2,92.29 2 0
file-service/internal/presentation/grpc/mapper.go:92.29,94.3 1 0
file-service/internal/presentation/grpc/mapper.go:96.2,96.13 1 0
file-service/internal/presentation/grpc/mapper.go:99.81,101.2 1 0
file-service/internal/presentation/grpc/mapper.go:103.47,104.9 1 0
file-service/internal/presentation/grpc/mapper.go:105.18,106.13 1 0
file-service/internal/presentation/grpc/mapper.go:112.45,113.58 1 0
file-service/internal/presentation/grpc/mapper.go:114.46,115.56 1 0
file-service/internal/presentation/grpc/mapper.go:120.54,121.51 1 0
file-service/internal/presentation/grpc/mapper.go:122.10,124.63 2 0
file-service/internal/presentation/grpc/server.go:25.92,26.16 1 0
file-service/internal/presentation/grpc/server.go:26.16,28.3 1 0
file-service/internal/presentation/grpc/server.go:29.2,29.16 1 0
file-service/internal/presentation/grpc/server.go:29.16,31.3 1 0
file-service/internal/presentation/grpc/server.go:33.2,42.15 4 0
file-service/internal/presentation/grpc/server.go:46.32,49.16 3 0
file-service/internal/presentation/grpc/server.go:49.16,51.3 1 0
file-service/internal/presentation/grpc/server.go:53.2,55.25 3 0
file-service/internal/presentation/grpc/server.go:59.50,60.18 1 0
file-service/internal/presentation/grpc/server.go:60.18,63.3 2 0
file-service/internal/presentation/grpc/server.go:64.2,64.23 1 0
file-service/internal/presentation/grpc/server.go:64.23,66.3 1 0
file-service/internal/presentation/grpc/server.go:67.2,67.12 1 0
file-service/internal/presentation/grpc/server.go:71.117,73.16 2 0
file-service/internal/presentation/grpc/server.go:73.16,75.3 1 0
file-service/internal/presentation/grpc/server.go:77.2,77.43 1 0
file-service/internal/presentation/grpc/server.go:82.120,84.16 2 0
file-service/internal/presentation/grpc/server.go:84.16,86.3 1 0
file-service/internal/presentation/grpc/server.go:88.2,88.49 1 0
file-service/internal/presentation/grpc/server.go:92.108,94.16 2 0
file-service/internal/presentation/grpc/server.go:94.16,96.3 1 0
file-service/internal/presentation/grpc/server.go:98.2,98.72 1 0
file-service/internal/presentation/grpc/server.go:102.117,103.63 1 0
file-service/internal/presentation/grpc/server.go:103.63,105.3 1 0
file-service/internal/presentation/grpc/server.go:107.2,107.54 1 0
file-service/pkg/storage/rustfs/error.go:6.43,8.2 1 0
file-service/pkg/storage/rustfs/error.go:11.60,13.2 1 0
file-service/pkg/storage/rustfs/error.go:16.60,18.2 1 0
file-service/pkg/storage/rustfs/error.go:21.63,23.2 1 0
file-service/pkg/storage/rustfs/rustfs.go:22.75,24.2 1 0
file-service/pkg/storage/rustfs/rustfs.go:30.62,36.16 2 0
file-service/pkg/storage/rustfs/rustfs.go:36.16,38.3 1 0
file-service/pkg/storage/rustfs/rustfs.go:40.2,40.54 1 0
file-service/pkg/storage/rustfs/rustfs.go:40.54,43.3 2 0
file-service/pkg/storage/rustfs/rustfs.go:45.2,47.26 3 0
file-service/pkg/storage/rustfs/rustfs.go:47.26,48.102 1 0
file-service/pkg/storage/rustfs/rustfs.go:48.102,50.4 1 0
file-service/pkg/storage/rustfs/rustfs.go:50.9,52.107 2 0
file-service/pkg/storage/rustfs/rustfs.go:52.107,54.5 1 0
file-service/pkg/storage/rustfs/rustfs.go:54.10,56.5 1 0
file-service/pkg/storage/rustfs/rustfs.go:58.3,58.25 1 0
file-service/pkg/storage/rustfs/rustfs.go:61.2,61.56 1 0
file-service/pkg/storage/rustfs/rustfs.go:64.102,71.16 2 0
file-service/pkg/storage/rustfs/rustfs.go:71.16,73.3 1 0
file-service/pkg/storage/rustfs/rustfs.go:75.2,75.30 1 0
file-service/pkg/storage/rustfs/rustfs.go:78.70,82.17 1 0
file-service/pkg/storage/rustfs/rustfs.go:82.17,84.3 1 0
file-service/pkg/storage/rustfs/rustfs.go:86.2,86.12 1 0
file-service/pkg/storage/rustfs/rustfs.go:89.34,91.2 1 0
file-service/pkg/storage/scylla/error.go:6.53,8.2 1 0
file-service/pkg/storage/scylla/error.go:11.45,13.2 1 0
file-service/pkg/storage/scylla/error.go:16.44,18.2 1 0
file-service/pkg/storage/scylla/scylla.go:30.33,31.17 1 0
file-service/pkg/storage/scylla/scylla.go:31.17,33.3 1 0
file-service/pkg/storage/scylla/scylla.go:36.65,38.2 1 0
file-service/pkg/storage/scylla/scylla.go:40.46,42.2 1 0
file-service/pkg/storage/scylla/scylla.go:48.36,50.2 1 0
file-service/pkg/storage/scylla/scylla.go:52.62,55.2 2 0
file-service/pkg/storage/scylla/scylla.go:57.72,60.2 2 0
file-service/pkg/storage/scylla/scylla.go:62.71,64.16 2 0
file-service/pkg/storage/scylla/scylla.go:64.16,66.3 1 0
file-service/pkg/storage/scylla/scylla.go:67.2,67.36 1 0
file-service/pkg/storage/scylla/scylla.go:87.59,94.24 7 0
file-service/pkg/storage/scylla/scylla.go:94.24,99.3 1 0
file-service/pkg/storage/scylla/scylla.go:101.2,103.41 3 0
file-service/pkg/storage/scylla/scylla.go:103.41,105.17 2 0
file-service/pkg/storage/scylla/scylla.go:105.17,106.9 1 0
file-service/pkg/storage/scylla/scylla.go:108.3,108.31 1 0
file-service/pkg/storage/scylla/scylla.go:110.2,110.16 1 0
file-service/pkg/storage/scylla/scylla.go:110.16,112.3 1 0
file-service/pkg/storage/scylla/scylla.go:114.2,119.39 2 0
file-service/pkg/storage/scylla/scylla.go:119.39,121.3 1 0
file-service/pkg/storage/scylla/scylla.go:123.2,126.41 3 0
file-service/pkg/storage/scylla/scylla.go:126.41,128.17 2 0
file-service/pkg/storage/scylla/scylla.go:128.17,129.9 1 0
file-service/pkg/storage/scylla/scylla.go:131.3,131.31 1 0
file-service/pkg/storage/scylla/scylla.go:133.2,133.16 1 0
file-service/pkg/storage/scylla/scylla.go:133.16,135.3 1 0
file-service/pkg/storage/scylla/scylla.go:137.2,150.24 1 0
file-service/pkg/storage/scylla/scylla.go:150.24,153.3 2 0
file-service/pkg/storage/scylla/scylla.go:155.2,155.17 1 0
file-service/pkg/storage/scylla/scylla.go:158.55,159.51 1 0
file-service/pkg/storage/scylla/scylla.go:160.13,161.19 1 0
file-service/pkg/storage/scylla/scylla.go:162.21,163.27 1 0
file-service/pkg/storage/scylla/scylla.go:164.13,165.19 1 0
file-service/pkg/storage/scylla/scylla.go:166.10,167.22 1 0
file-service/cmd/file-service/main.go:12.13,22.2 1 0
file-service/config/config.go:18.30,22.39 3 3
file-service/config/config.go:22.39,24.3 1 1
file-service/config/config.go:26.2,26.17 1 2
file-service/config/error.go:7.47,9.2 1 1
file-service/internal/application/service.go:22.114,23.17 1 0
file-service/internal/application/service.go:23.17,25.3 1 0
file-service/internal/application/service.go:26.2,26.20 1 0
file-service/internal/application/service.go:26.20,28.3 1 0
file-service/internal/application/service.go:29.2,30.18 2 0
file-service/internal/application/service.go:30.18,32.3 1 0
file-service/internal/application/service.go:33.2,33.16 1 0
file-service/internal/application/service.go:33.16,35.3 1 0
file-service/internal/application/service.go:37.2,42.8 1 0
file-service/internal/application/service.go:45.109,51.16 2 0
file-service/internal/application/service.go:51.16,53.3 1 0
file-service/internal/application/service.go:55.2,55.22 1 0
file-service/internal/application/service.go:58.113,61.19 3 0
file-service/internal/application/service.go:61.19,63.3 1 0
file-service/internal/application/service.go:64.2,64.18 1 0
file-service/internal/application/service.go:64.18,66.3 1 0
file-service/internal/application/service.go:67.2,67.28 1 0
file-service/internal/application/service.go:67.28,69.3 1 0
file-service/internal/application/service.go:71.2,72.36 2 0
file-service/internal/application/service.go:72.36,74.17 2 0
file-service/internal/application/service.go:74.17,77.4 2 0
file-service/internal/application/service.go:78.3,78.34 1 0
file-service/internal/application/service.go:81.2,81.21 1 0
file-service/internal/application/service.go:84.132,87.9 3 0
file-service/internal/application/service.go:88.22,89.40 1 0
file-service/internal/application/service.go:90.25,91.43 1 0
file-service/internal/application/service.go:92.29,93.40 1 0
file-service/internal/application/service.go:96.2,101.16 5 0
file-service/internal/application/service.go:101.16,104.3 2 0
file-service/internal/application/service.go:106.2,121.16 4 0
file-service/internal/application/service.go:121.16,125.3 3 0
file-service/internal/application/service.go:127.2,127.21 1 0
file-service/internal/application/service.go:130.89,132.18 2 0
file-service/internal/application/service.go:132.18,134.3 1 0
file-service/internal/application/service.go:136.2,136.36 1 0
file-service/internal/application/service.go:139.76,141.18 2 0
file-service/internal/application/service.go:141.18,143.3 1 0
file-service/internal/application/service.go:145.2,146.16 2 0
file-service/internal/application/service.go:146.16,148.3 1 0
file-service/internal/application/service.go:150.2,150.64 1 0
file-service/internal/application/service.go:150.64,153.3 2 0
file-service/internal/application/service.go:154.2,154.55 1 0
file-service/internal/application/service.go:154.55,156.3 1 0
file-service/internal/application/service.go:158.2,158.12 1 0
file-service/internal/application/service.go:161.68,162.39 1 0
file-service/internal/application/service.go:162.39,164.18 2 0
file-service/internal/application/service.go:164.18,165.12 1 0
file-service/internal/application/service.go:167.3,168.63 2 0
file-service/internal/application/service.go:172.56,173.15 1 0
file-service/internal/application/service.go:173.15,175.3 1 0
file-service/internal/application/service.go:177.2,177.42 1 0
file-service/internal/fx/app.go:15.40,17.2 1 0
file-service/internal/fx/config.go:15.46,17.2 1 0
file-service/internal/fx/logger.go:16.64,18.2 1 0
file-service/internal/fx/presentation.go:25.115,27.2 1 0
file-service/internal/fx/presentation.go:31.66,33.40 1 0
file-service/internal/fx/presentation.go:33.40,34.14 1 0
file-service/internal/fx/presentation.go:34.14,35.39 1 0
file-service/internal/fx/presentation.go:35.39,36.16 1 0
file-service/internal/fx/presentation.go:39.4,39.14 1 0
file-service/internal/fx/presentation.go:41.43,43.4 1 0
file-service/internal/fx/repository.go:18.78,20.2 1 0
file-service/internal/fx/service.go:18.145,20.2 1 0
file-service/internal/fx/storage.go:30.107,43.16 2 0
file-service/internal/fx/storage.go:43.16,46.3 2 0
file-service/internal/fx/storage.go:47.2,50.39 2 0
file-service/internal/fx/storage.go:50.39,53.4 2 0
file-service/internal/fx/storage.go:56.2,56.17 1 0
file-service/internal/fx/storage.go:60.94,69.16 2 0
file-service/internal/fx/storage.go:69.16,72.3 2 0
file-service/internal/fx/storage.go:74.2,74.21 1 0
file-service/internal/infra/write/scylla/error.go:9.43,11.2 1 0
file-service/internal/infra/write/scylla/error.go:14.41,16.2 1 0
file-service/internal/infra/write/scylla/error.go:19.43,21.2 1 0
file-service/internal/infra/write/scylla/repository.go:32.65,34.2 1 0
file-service/internal/infra/write/scylla/repository.go:40.62,43.2 2 0
file-service/internal/infra/write/scylla/repository.go:45.72,48.2 2 0
file-service/internal/infra/write/scylla/repository.go:50.36,52.2 1 0
file-service/internal/infra/write/scylla/repository.go:54.47,56.2 1 0
file-service/internal/infra/write/scylla/repository.go:59.60,60.15 1 0
file-service/internal/infra/write/scylla/repository.go:60.15,62.3 1 0
file-service/internal/infra/write/scylla/repository.go:64.2,64.47 1 0
file-service/internal/infra/write/scylla/repository.go:67.84,72.40 2 0
file-service/internal/infra/write/scylla/repository.go:72.40,74.3 1 0
file-service/internal/infra/write/scylla/repository.go:76.2,76.32 1 0
file-service/internal/infra/write/scylla/repository.go:79.82,82.171 2 0
file-service/internal/infra/write/scylla/repository.go:82.171,83.40 1 0
file-service/internal/infra/write/scylla/repository.go:83.40,85.4 1 0
file-service/internal/infra/write/scylla/repository.go:86.3,86.37 1 0
file-service/internal/infra/write/scylla/repository.go:89.2,89.44 1 0
file-service/internal/infra/write/scylla/repository.go:92.69,93.50 1 0
file-service/internal/infra/write/scylla/repository.go:93.50,95.3 1 0
file-service/internal/infra/write/scylla/repository.go:96.2,96.88 1 0
file-service/internal/infra/write/scylla/repository.go:96.88,98.3 1 0
file-service/internal/infra/write/scylla/repository.go:100.2,100.12 1 0
file-service/internal/infra/write/scylla/mapper/mapper.go:9.57,22.2 1 0
file-service/internal/infra/write/scylla/mapper/mapper.go:25.57,38.2 1 0
file-service/internal/presentation/grpc/mapper.go:29.51,31.2 1 0
file-service/internal/presentation/grpc/mapper.go:33.92,41.2 1 0
file-service/internal/presentation/grpc/mapper.go:43.99,45.38 2 0
file-service/internal/presentation/grpc/mapper.go:45.38,53.3 1 0
file-service/internal/presentation/grpc/mapper.go:55.2,59.3 1 0
file-service/internal/presentation/grpc/mapper.go:62.69,63.17 1 0
file-service/internal/presentation/grpc/mapper.go:63.17,65.3 1 0
file-service/internal/presentation/grpc/mapper.go:67.2,78.3 1 0
file-service/internal/presentation/grpc/mapper.go:81.85,83.2 1 0
file-service/internal/presentation/grpc/mapper.go:85.94,87.21 2 0
file-service/internal/presentation/grpc/mapper.go:87.21,89.3 1 0
file-service/internal/presentation/grpc/mapper.go:91.2,92.29 2 0
file-service/internal/presentation/grpc/mapper.go:92.29,94.3 1 0
file-service/internal/presentation/grpc/mapper.go:96.2,96.13 1 0
file-service/internal/presentation/grpc/mapper.go:99.81,101.2 1 0
file-service/internal/presentation/grpc/mapper.go:103.47,104.9 1 0
file-service/internal/presentation/grpc/mapper.go:105.18,106.13 1 0
file-service/internal/presentation/grpc/mapper.go:112.45,113.58 1 0
file-service/internal/presentation/grpc/mapper.go:114.46,115.56 1 0
file-service/internal/presentation/grpc/mapper.go:120.54,121.51 1 0
file-service/internal/presentation/grpc/mapper.go:122.10,124.63 2 0
file-service/internal/presentation/grpc/server.go:25.92,26.16 1 0
file-service/internal/presentation/grpc/server.go:26.16,28.3 1 0
file-service/internal/presentation/grpc/server.go:29.2,29.16 1 0
file-service/internal/presentation/grpc/server.go:29.16,31.3 1 0
file-service/internal/presentation/grpc/server.go:33.2,42.15 4 0
file-service/internal/presentation/grpc/server.go:46.32,49.16 3 0
file-service/internal/presentation/grpc/server.go:49.16,51.3 1 0
file-service/internal/presentation/grpc/server.go:53.2,55.25 3 0
file-service/internal/presentation/grpc/server.go:59.50,60.18 1 0
file-service/internal/presentation/grpc/server.go:60.18,63.3 2 0
file-service/internal/presentation/grpc/server.go:64.2,64.23 1 0
file-service/internal/presentation/grpc/server.go:64.23,66.3 1 0
file-service/internal/presentation/grpc/server.go:67.2,67.12 1 0
file-service/internal/presentation/grpc/server.go:71.117,73.16 2 0
file-service/internal/presentation/grpc/server.go:73.16,75.3 1 0
file-service/internal/presentation/grpc/server.go:77.2,77.43 1 0
file-service/internal/presentation/grpc/server.go:82.120,84.16 2 0
file-service/internal/presentation/grpc/server.go:84.16,86.3 1 0
file-service/internal/presentation/grpc/server.go:88.2,88.49 1 0
file-service/internal/presentation/grpc/server.go:92.108,94.16 2 0
file-service/internal/presentation/grpc/server.go:94.16,96.3 1 0
file-service/internal/presentation/grpc/server.go:98.2,98.72 1 0
file-service/internal/presentation/grpc/server.go:102.117,103.63 1 0
file-service/internal/presentation/grpc/server.go:103.63,105.3 1 0
file-service/internal/presentation/grpc/server.go:107.2,107.54 1 0
file-service/pkg/storage/rustfs/error.go:6.43,8.2 1 0
file-service/pkg/storage/rustfs/error.go:11.60,13.2 1 0
file-service/pkg/storage/rustfs/error.go:16.60,18.2 1 0
file-service/pkg/storage/rustfs/error.go:21.63,23.2 1 0
file-service/pkg/storage/rustfs/rustfs.go:22.75,24.2 1 0
file-service/pkg/storage/rustfs/rustfs.go:30.62,36.16 2 0
file-service/pkg/storage/rustfs/rustfs.go:36.16,38.3 1 0
file-service/pkg/storage/rustfs/rustfs.go:40.2,40.54 1 0
file-service/pkg/storage/rustfs/rustfs.go:40.54,43.3 2 0
file-service/pkg/storage/rustfs/rustfs.go:45.2,47.26 3 0
file-service/pkg/storage/rustfs/rustfs.go:47.26,48.102 1 0
file-service/pkg/storage/rustfs/rustfs.go:48.102,50.4 1 0
file-service/pkg/storage/rustfs/rustfs.go:50.9,52.107 2 0
file-service/pkg/storage/rustfs/rustfs.go:52.107,54.5 1 0
file-service/pkg/storage/rustfs/rustfs.go:54.10,56.5 1 0
file-service/pkg/storage/rustfs/rustfs.go:58.3,58.25 1 0
file-service/pkg/storage/rustfs/rustfs.go:61.2,61.56 1 0
file-service/pkg/storage/rustfs/rustfs.go:64.102,71.16 2 0
file-service/pkg/storage/rustfs/rustfs.go:71.16,73.3 1 0
file-service/pkg/storage/rustfs/rustfs.go:75.2,75.30 1 0
file-service/pkg/storage/rustfs/rustfs.go:78.70,82.17 1 0
file-service/pkg/storage/rustfs/rustfs.go:82.17,84.3 1 0
file-service/pkg/storage/rustfs/rustfs.go:86.2,86.12 1 0
file-service/pkg/storage/rustfs/rustfs.go:89.34,91.2 1 0
file-service/pkg/storage/scylla/error.go:6.53,8.2 1 0
file-service/pkg/storage/scylla/error.go:11.45,13.2 1 0
file-service/pkg/storage/scylla/error.go:16.44,18.2 1 0
file-service/pkg/storage/scylla/scylla.go:30.33,31.17 1 0
file-service/pkg/storage/scylla/scylla.go:31.17,33.3 1 0
file-service/pkg/storage/scylla/scylla.go:36.65,38.2 1 0
file-service/pkg/storage/scylla/scylla.go:40.46,42.2 1 0
file-service/pkg/storage/scylla/scylla.go:48.36,50.2 1 0
file-service/pkg/storage/scylla/scylla.go:52.62,55.2 2 0
file-service/pkg/storage/scylla/scylla.go:57.72,60.2 2 0
file-service/pkg/storage/scylla/scylla.go:62.71,64.16 2 0
file-service/pkg/storage/scylla/scylla.go:64.16,66.3 1 0
file-service/pkg/storage/scylla/scylla.go:67.2,67.36 1 0
file-service/pkg/storage/scylla/scylla.go:87.59,94.24 7 0
file-service/pkg/storage/scylla/scylla.go:94.24,99.3 1 0
file-service/pkg/storage/scylla/scylla.go:101.2,103.41 3 0
file-service/pkg/storage/scylla/scylla.go:103.41,105.17 2 0
file-service/pkg/storage/scylla/scylla.go:105.17,106.9 1 0
file-service/pkg/storage/scylla/scylla.go:108.3,108.31 1 0
file-service/pkg/storage/scylla/scylla.go:110.2,110.16 1 0
file-service/pkg/storage/scylla/scylla.go:110.16,112.3 1 0
file-service/pkg/storage/scylla/scylla.go:114.2,119.39 2 0
file-service/pkg/storage/scylla/scylla.go:119.39,121.3 1 0
file-service/pkg/storage/scylla/scylla.go:123.2,126.41 3 0
file-service/pkg/storage/scylla/scylla.go:126.41,128.17 2 0
file-service/pkg/storage/scylla/scylla.go:128.17,129.9 1 0
file-service/pkg/storage/scylla/scylla.go:131.3,131.31 1 0
file-service/pkg/storage/scylla/scylla.go:133.2,133.16 1 0
file-service/pkg/storage/scylla/scylla.go:133.16,135.3 1 0
file-service/pkg/storage/scylla/scylla.go:137.2,150.24 1 0
file-service/pkg/storage/scylla/scylla.go:150.24,153.3 2 0
file-service/pkg/storage/scylla/scylla.go:155.2,155.17 1 0
file-service/pkg/storage/scylla/scylla.go:158.55,159.51 1 0
file-service/pkg/storage/scylla/scylla.go:160.13,161.19 1 0
file-service/pkg/storage/scylla/scylla.go:162.21,163.27 1 0
file-service/pkg/storage/scylla/scylla.go:164.13,165.19 1 0
file-service/pkg/storage/scylla/scylla.go:166.10,167.22 1 0
file-service/cmd/file-service/main.go:12.13,22.2 1 0
file-service/config/config.go:18.30,22.39 3 0
file-service/config/config.go:22.39,24.3 1 0
file-service/config/config.go:26.2,26.17 1 0
file-service/config/error.go:7.47,9.2 1 0
file-service/internal/application/service.go:22.114,23.17 1 15
file-service/internal/application/service.go:23.17,25.3 1 1
file-service/internal/application/service.go:26.2,26.20 1 14
file-service/internal/application/service.go:26.20,28.3 1 1
file-service/internal/application/service.go:29.2,30.18 2 13
file-service/internal/application/service.go:30.18,32.3 1 1
file-service/internal/application/service.go:33.2,33.16 1 12
file-service/internal/application/service.go:33.16,35.3 1 1
file-service/internal/application/service.go:37.2,42.8 1 11
file-service/internal/application/service.go:45.109,51.16 2 1
file-service/internal/application/service.go:51.16,53.3 1 0
file-service/internal/application/service.go:55.2,55.22 1 1
file-service/internal/application/service.go:58.113,61.19 3 7
file-service/internal/application/service.go:61.19,63.3 1 1
file-service/internal/application/service.go:64.2,64.18 1 6
file-service/internal/application/service.go:64.18,66.3 1 1
file-service/internal/application/service.go:67.2,67.28 1 5
file-service/internal/application/service.go:67.28,69.3 1 1
file-service/internal/application/service.go:71.2,72.36 2 4
file-service/internal/application/service.go:72.36,74.17 2 7
file-service/internal/application/service.go:74.17,77.4 2 2
file-service/internal/application/service.go:78.3,78.34 1 5
file-service/internal/application/service.go:81.2,81.21 1 2
file-service/internal/application/service.go:84.132,87.9 3 7
file-service/internal/application/service.go:88.22,89.40 1 0
file-service/internal/application/service.go:90.25,91.43 1 0
file-service/internal/application/service.go:92.29,93.40 1 0
file-service/internal/application/service.go:96.2,101.16 5 7
file-service/internal/application/service.go:101.16,104.3 2 1
file-service/internal/application/service.go:106.2,121.16 4 6
file-service/internal/application/service.go:121.16,125.3 3 1
file-service/internal/application/service.go:127.2,127.21 1 5
file-service/internal/application/service.go:130.89,132.18 2 2
file-service/internal/application/service.go:132.18,134.3 1 1
file-service/internal/application/service.go:136.2,136.36 1 1
file-service/internal/application/service.go:139.76,141.18 2 5
file-service/internal/application/service.go:141.18,143.3 1 1
file-service/internal/application/service.go:145.2,146.16 2 4
file-service/internal/application/service.go:146.16,148.3 1 1
file-service/internal/application/service.go:150.2,150.64 1 3
file-service/internal/application/service.go:150.64,153.3 2 1
file-service/internal/application/service.go:154.2,154.55 1 2
file-service/internal/application/service.go:154.55,156.3 1 1
file-service/internal/application/service.go:158.2,158.12 1 1
file-service/internal/application/service.go:161.68,162.39 1 3
file-service/internal/application/service.go:162.39,164.18 2 4
file-service/internal/application/service.go:164.18,165.12 1 1
file-service/internal/application/service.go:167.3,168.63 2 3
file-service/internal/application/service.go:172.56,173.15 1 7
file-service/internal/application/service.go:173.15,175.3 1 1
file-service/internal/application/service.go:177.2,177.42 1 6
file-service/internal/fx/app.go:15.40,17.2 1 0
file-service/internal/fx/config.go:15.46,17.2 1 0
file-service/internal/fx/logger.go:16.64,18.2 1 0
file-service/internal/fx/presentation.go:25.115,27.2 1 0
file-service/internal/fx/presentation.go:31.66,33.40 1 0
file-service/internal/fx/presentation.go:33.40,34.14 1 0
file-service/internal/fx/presentation.go:34.14,35.39 1 0
file-service/internal/fx/presentation.go:35.39,36.16 1 0
file-service/internal/fx/presentation.go:39.4,39.14 1 0
file-service/internal/fx/presentation.go:41.43,43.4 1 0
file-service/internal/fx/repository.go:18.78,20.2 1 0
file-service/internal/fx/service.go:18.145,20.2 1 0
file-service/internal/fx/storage.go:30.107,43.16 2 0
file-service/internal/fx/storage.go:43.16,46.3 2 0
file-service/internal/fx/storage.go:47.2,50.39 2 0
file-service/internal/fx/storage.go:50.39,53.4 2 0
file-service/internal/fx/storage.go:56.2,56.17 1 0
file-service/internal/fx/storage.go:60.94,69.16 2 0
file-service/internal/fx/storage.go:69.16,72.3 2 0
file-service/internal/fx/storage.go:74.2,74.21 1 0
file-service/internal/infra/write/scylla/error.go:9.43,11.2 1 0
file-service/internal/infra/write/scylla/error.go:14.41,16.2 1 0
file-service/internal/infra/write/scylla/error.go:19.43,21.2 1 0
file-service/internal/infra/write/scylla/repository.go:32.65,34.2 1 0
file-service/internal/infra/write/scylla/repository.go:40.62,43.2 2 0
file-service/internal/infra/write/scylla/repository.go:45.72,48.2 2 0
file-service/internal/infra/write/scylla/repository.go:50.36,52.2 1 0
file-service/internal/infra/write/scylla/repository.go:54.47,56.2 1 0
file-service/internal/infra/write/scylla/repository.go:59.60,60.15 1 0
file-service/internal/infra/write/scylla/repository.go:60.15,62.3 1 0
file-service/internal/infra/write/scylla/repository.go:64.2,64.47 1 0
file-service/internal/infra/write/scylla/repository.go:67.84,72.40 2 0
file-service/internal/infra/write/scylla/repository.go:72.40,74.3 1 0
file-service/internal/infra/write/scylla/repository.go:76.2,76.32 1 0
file-service/internal/infra/write/scylla/repository.go:79.82,82.171 2 0
file-service/internal/infra/write/scylla/repository.go:82.171,83.40 1 0
file-service/internal/infra/write/scylla/repository.go:83.40,85.4 1 0
file-service/internal/infra/write/scylla/repository.go:86.3,86.37 1 0
file-service/internal/infra/write/scylla/repository.go:89.2,89.44 1 0
file-service/internal/infra/write/scylla/repository.go:92.69,93.50 1 0
file-service/internal/infra/write/scylla/repository.go:93.50,95.3 1 0
file-service/internal/infra/write/scylla/repository.go:96.2,96.88 1 0
file-service/internal/infra/write/scylla/repository.go:96.88,98.3 1 0
file-service/internal/infra/write/scylla/repository.go:100.2,100.12 1 0
file-service/internal/infra/write/scylla/mapper/mapper.go:9.57,22.2 1 0
file-service/internal/infra/write/scylla/mapper/mapper.go:25.57,38.2 1 0
file-service/internal/presentation/grpc/mapper.go:29.51,31.2 1 0
file-service/internal/presentation/grpc/mapper.go:33.92,41.2 1 0
file-service/internal/presentation/grpc/mapper.go:43.99,45.38 2 0
file-service/internal/presentation/grpc/mapper.go:45.38,53.3 1 0
file-service/internal/presentation/grpc/mapper.go:55.2,59.3 1 0
file-service/internal/presentation/grpc/mapper.go:62.69,63.17 1 0
file-service/internal/presentation/grpc/mapper.go:63.17,65.3 1 0
file-service/internal/presentation/grpc/mapper.go:67.2,78.3 1 0
file-service/internal/presentation/grpc/mapper.go:81.85,83.2 1 0
file-service/internal/presentation/grpc/mapper.go:85.94,87.21 2 0
file-service/internal/presentation/grpc/mapper.go:87.21,89.3 1 0
file-service/internal/presentation/grpc/mapper.go:91.2,92.29 2 0
file-service/internal/presentation/grpc/mapper.go:92.29,94.3 1 0
file-service/internal/presentation/grpc/mapper.go:96.2,96.13 1 0
file-service/internal/presentation/grpc/mapper.go:99.81,101.2 1 0
file-service/internal/presentation/grpc/mapper.go:103.47,104.9 1 0
file-service/internal/presentation/grpc/mapper.go:105.18,106.13 1 0
file-service/internal/presentation/grpc/mapper.go:112.45,113.58 1 0
file-service/internal/presentation/grpc/mapper.go:114.46,115.56 1 0
file-service/internal/presentation/grpc/mapper.go:120.54,121.51 1 0
file-service/internal/presentation/grpc/mapper.go:122.10,124.63 2 0
file-service/internal/presentation/grpc/server.go:25.92,26.16 1 0
file-service/internal/presentation/grpc/server.go:26.16,28.3 1 0
file-service/internal/presentation/grpc/server.go:29.2,29.16 1 0
file-service/internal/presentation/grpc/server.go:29.16,31.3 1 0
file-service/internal/presentation/grpc/server.go:33.2,42.15 4 0
file-service/internal/presentation/grpc/server.go:46.32,49.16 3 0
file-service/internal/presentation/grpc/server.go:49.16,51.3 1 0
file-service/internal/presentation/grpc/server.go:53.2,55.25 3 0
file-service/internal/presentation/grpc/server.go:59.50,60.18 1 0
file-service/internal/presentation/grpc/server.go:60.18,63.3 2 0
file-service/internal/presentation/grpc/server.go:64.2,64.23 1 0
file-service/internal/presentation/grpc/server.go:64.23,66.3 1 0
file-service/internal/presentation/grpc/server.go:67.2,67.12 1 0
file-service/internal/presentation/grpc/server.go:71.117,73.16 2 0
file-service/internal/presentation/grpc/server.go:73.16,75.3 1 0
file-service/internal/presentation/grpc/server.go:77.2,77.43 1 0
file-service/internal/presentation/grpc/server.go:82.120,84.16 2 0
file-service/internal/presentation/grpc/server.go:84.16,86.3 1 0
file-service/internal/presentation/grpc/server.go:88.2,88.49 1 0
file-service/internal/presentation/grpc/server.go:92.108,94.16 2 0
file-service/internal/presentation/grpc/server.go:94.16,96.3 1 0
file-service/internal/presentation/grpc/server.go:98.2,98.72 1 0
file-service/internal/presentation/grpc/server.go:102.117,103.63 1 0
file-service/internal/presentation/grpc/server.go:103.63,105.3 1 0
file-service/internal/presentation/grpc/server.go:107.2,107.54 1 0
file-service/pkg/storage/rustfs/error.go:6.43,8.2 1 0
file-service/pkg/storage/rustfs/error.go:11.60,13.2 1 0
file-service/pkg/storage/rustfs/error.go:16.60,18.2 1 0
file-service/pkg/storage/rustfs/error.go:21.63,23.2 1 0
file-service/pkg/storage/rustfs/rustfs.go:22.75,24.2 1 0
file-service/pkg/storage/rustfs/rustfs.go:30.62,36.16 2 0
file-service/pkg/storage/rustfs/rustfs.go:36.16,38.3 1 0
file-service/pkg/storage/rustfs/rustfs.go:40.2,40.54 1 0
file-service/pkg/storage/rustfs/rustfs.go:40.54,43.3 2 0
file-service/pkg/storage/rustfs/rustfs.go:45.2,47.26 3 0
file-service/pkg/storage/rustfs/rustfs.go:47.26,48.102 1 0
file-service/pkg/storage/rustfs/rustfs.go:48.102,50.4 1 0
file-service/pkg/storage/rustfs/rustfs.go:50.9,52.107 2 0
file-service/pkg/storage/rustfs/rustfs.go:52.107,54.5 1 0
file-service/pkg/storage/rustfs/rustfs.go:54.10,56.5 1 0
file-service/pkg/storage/rustfs/rustfs.go:58.3,58.25 1 0
file-service/pkg/storage/rustfs/rustfs.go:61.2,61.56 1 0
file-service/pkg/storage/rustfs/rustfs.go:64.102,71.16 2 0
file-service/pkg/storage/rustfs/rustfs.go:71.16,73.3 1 0
file-service/pkg/storage/rustfs/rustfs.go:75.2,75.30 1 0
file-service/pkg/storage/rustfs/rustfs.go:78.70,82.17 1 0
file-service/pkg/storage/rustfs/rustfs.go:82.17,84.3 1 0
file-service/pkg/storage/rustfs/rustfs.go:86.2,86.12 1 0
file-service/pkg/storage/rustfs/rustfs.go:89.34,91.2 1 0
file-service/pkg/storage/scylla/error.go:6.53,8.2 1 0
file-service/pkg/storage/scylla/error.go:11.45,13.2 1 0
file-service/pkg/storage/scylla/error.go:16.44,18.2 1 0
file-service/pkg/storage/scylla/scylla.go:30.33,31.17 1 0
file-service/pkg/storage/scylla/scylla.go:31.17,33.3 1 0
file-service/pkg/storage/scylla/scylla.go:36.65,38.2 1 0
file-service/pkg/storage/scylla/scylla.go:40.46,42.2 1 0
file-service/pkg/storage/scylla/scylla.go:48.36,50.2 1 0
file-service/pkg/storage/scylla/scylla.go:52.62,55.2 2 0
file-service/pkg/storage/scylla/scylla.go:57.72,60.2 2 0
file-service/pkg/storage/scylla/scylla.go:62.71,64.16 2 0
file-service/pkg/storage/scylla/scylla.go:64.16,66.3 1 0
file-service/pkg/storage/scylla/scylla.go:67.2,67.36 1 0
file-service/pkg/storage/scylla/scylla.go:87.59,94.24 7 0
file-service/pkg/storage/scylla/scylla.go:94.24,99.3 1 0
file-service/pkg/storage/scylla/scylla.go:101.2,103.41 3 0
file-service/pkg/storage/scylla/scylla.go:103.41,105.17 2 0
file-service/pkg/storage/scylla/scylla.go:105.17,106.9 1 0
file-service/pkg/storage/scylla/scylla.go:108.3,108.31 1 0
file-service/pkg/storage/scylla/scylla.go:110.2,110.16 1 0
file-service/pkg/storage/scylla/scylla.go:110.16,112.3 1 0
file-service/pkg/storage/scylla/scylla.go:114.2,119.39 2 0
file-service/pkg/storage/scylla/scylla.go:119.39,121.3 1 0
file-service/pkg/storage/scylla/scylla.go:123.2,126.41 3 0
file-service/pkg/storage/scylla/scylla.go:126.41,128.17 2 0
file-service/pkg/storage/scylla/scylla.go:128.17,129.9 1 0
file-service/pkg/storage/scylla/scylla.go:131.3,131.31 1 0
file-service/pkg/storage/scylla/scylla.go:133.2,133.16 1 0
file-service/pkg/storage/scylla/scylla.go:133.16,135.3 1 0
file-service/pkg/storage/scylla/scylla.go:137.2,150.24 1 0
file-service/pkg/storage/scylla/scylla.go:150.24,153.3 2 0
file-service/pkg/storage/scylla/scylla.go:155.2,155.17 1 0
file-service/pkg/storage/scylla/scylla.go:158.55,159.51 1 0
file-service/pkg/storage/scylla/scylla.go:160.13,161.19 1 0
file-service/pkg/storage/scylla/scylla.go:162.21,163.27 1 0
file-service/pkg/storage/scylla/scylla.go:164.13,165.19 1 0
file-service/pkg/storage/scylla/scylla.go:166.10,167.22 1 0
file-service/cmd/file-service/main.go:12.13,22.2 1 0
file-service/config/config.go:18.30,22.39 3 1
file-service/config/config.go:22.39,24.3 1 0
file-service/config/config.go:26.2,26.17 1 1
file-service/config/error.go:7.47,9.2 1 0
file-service/internal/application/service.go:22.114,23.17 1 1
file-service/internal/application/service.go:23.17,25.3 1 0
file-service/internal/application/service.go:26.2,26.20 1 1
file-service/internal/application/service.go:26.20,28.3 1 0
file-service/internal/application/service.go:29.2,30.18 2 1
file-service/internal/application/service.go:30.18,32.3 1 0
file-service/internal/application/service.go:33.2,33.16 1 1
file-service/internal/application/service.go:33.16,35.3 1 0
file-service/internal/application/service.go:37.2,42.8 1 1
file-service/internal/application/service.go:45.109,51.16 2 0
file-service/internal/application/service.go:51.16,53.3 1 0
file-service/internal/application/service.go:55.2,55.22 1 0
file-service/internal/application/service.go:58.113,61.19 3 0
file-service/internal/application/service.go:61.19,63.3 1 0
file-service/internal/application/service.go:64.2,64.18 1 0
file-service/internal/application/service.go:64.18,66.3 1 0
file-service/internal/application/service.go:67.2,67.28 1 0
file-service/internal/application/service.go:67.28,69.3 1 0
file-service/internal/application/service.go:71.2,72.36 2 0
file-service/internal/application/service.go:72.36,74.17 2 0
file-service/internal/application/service.go:74.17,77.4 2 0
file-service/internal/application/service.go:78.3,78.34 1 0
file-service/internal/application/service.go:81.2,81.21 1 0
file-service/internal/application/service.go:84.132,87.9 3 0
file-service/internal/application/service.go:88.22,89.40 1 0
file-service/internal/application/service.go:90.25,91.43 1 0
file-service/internal/application/service.go:92.29,93.40 1 0
file-service/internal/application/service.go:96.2,101.16 5 0
file-service/internal/application/service.go:101.16,104.3 2 0
file-service/internal/application/service.go:106.2,121.16 4 0
file-service/internal/application/service.go:121.16,125.3 3 0
file-service/internal/application/service.go:127.2,127.21 1 0
file-service/internal/application/service.go:130.89,132.18 2 0
file-service/internal/application/service.go:132.18,134.3 1 0
file-service/internal/application/service.go:136.2,136.36 1 0
file-service/internal/application/service.go:139.76,141.18 2 0
file-service/internal/application/service.go:141.18,143.3 1 0
file-service/internal/application/service.go:145.2,146.16 2 0
file-service/internal/application/service.go:146.16,148.3 1 0
file-service/internal/application/service.go:150.2,150.64 1 0
file-service/internal/application/service.go:150.64,153.3 2 0
file-service/internal/application/service.go:154.2,154.55 1 0
file-service/internal/application/service.go:154.55,156.3 1 0
file-service/internal/application/service.go:158.2,158.12 1 0
file-service/internal/application/service.go:161.68,162.39 1 0
file-service/internal/application/service.go:162.39,164.18 2 0
file-service/internal/application/service.go:164.18,165.12 1 0
file-service/internal/application/service.go:167.3,168.63 2 0
file-service/internal/application/service.go:172.56,173.15 1 0
file-service/internal/application/service.go:173.15,175.3 1 0
file-service/internal/application/service.go:177.2,177.42 1 0
file-service/internal/fx/app.go:15.40,17.2 1 1
file-service/internal/fx/config.go:15.46,17.2 1 1
file-service/internal/fx/logger.go:16.64,18.2 1 2
file-service/internal/fx/presentation.go:25.115,27.2 1 1
file-service/internal/fx/presentation.go:31.66,33.40 1 0
file-service/internal/fx/presentation.go:33.40,34.14 1 0
file-service/internal/fx/presentation.go:34.14,35.39 1 0
file-service/internal/fx/presentation.go:35.39,36.16 1 0
file-service/internal/fx/presentation.go:39.4,39.14 1 0
file-service/internal/fx/presentation.go:41.43,43.4 1 0
file-service/internal/fx/repository.go:18.78,20.2 1 2
file-service/internal/fx/service.go:18.145,20.2 1 1
file-service/internal/fx/storage.go:30.107,43.16 2 2
file-service/internal/fx/storage.go:43.16,46.3 2 1
file-service/internal/fx/storage.go:47.2,50.39 2 1
file-service/internal/fx/storage.go:50.39,53.4 2 1
file-service/internal/fx/storage.go:56.2,56.17 1 1
file-service/internal/fx/storage.go:60.94,69.16 2 2
file-service/internal/fx/storage.go:69.16,72.3 2 1
file-service/internal/fx/storage.go:74.2,74.21 1 1
file-service/internal/infra/write/scylla/error.go:9.43,11.2 1 0
file-service/internal/infra/write/scylla/error.go:14.41,16.2 1 0
file-service/internal/infra/write/scylla/error.go:19.43,21.2 1 0
file-service/internal/infra/write/scylla/repository.go:32.65,34.2 1 0
file-service/internal/infra/write/scylla/repository.go:40.62,43.2 2 0
file-service/internal/infra/write/scylla/repository.go:45.72,48.2 2 0
file-service/internal/infra/write/scylla/repository.go:50.36,52.2 1 0
file-service/internal/infra/write/scylla/repository.go:54.47,56.2 1 0
file-service/internal/infra/write/scylla/repository.go:59.60,60.15 1 2
file-service/internal/infra/write/scylla/repository.go:60.15,62.3 1 1
file-service/internal/infra/write/scylla/repository.go:64.2,64.47 1 1
file-service/internal/infra/write/scylla/repository.go:67.84,72.40 2 0
file-service/internal/infra/write/scylla/repository.go:72.40,74.3 1 0
file-service/internal/infra/write/scylla/repository.go:76.2,76.32 1 0
file-service/internal/infra/write/scylla/repository.go:79.82,82.171 2 0
file-service/internal/infra/write/scylla/repository.go:82.171,83.40 1 0
file-service/internal/infra/write/scylla/repository.go:83.40,85.4 1 0
file-service/internal/infra/write/scylla/repository.go:86.3,86.37 1 0
file-service/internal/infra/write/scylla/repository.go:89.2,89.44 1 0
file-service/internal/infra/write/scylla/repository.go:92.69,93.50 1 0
file-service/internal/infra/write/scylla/repository.go:93.50,95.3 1 0
file-service/internal/infra/write/scylla/repository.go:96.2,96.88 1 0
file-service/internal/infra/write/scylla/repository.go:96.88,98.3 1 0
file-service/internal/infra/write/scylla/repository.go:100.2,100.12 1 0
file-service/internal/infra/write/scylla/mapper/mapper.go:9.57,22.2 1 0
file-service/internal/infra/write/scylla/mapper/mapper.go:25.57,38.2 1 0
file-service/internal/presentation/grpc/mapper.go:29.51,31.2 1 1
file-service/internal/presentation/grpc/mapper.go:33.92,41.2 1 0
file-service/internal/presentation/grpc/mapper.go:43.99,45.38 2 0
file-service/internal/presentation/grpc/mapper.go:45.38,53.3 1 0
file-service/internal/presentation/grpc/mapper.go:55.2,59.3 1 0
file-service/internal/presentation/grpc/mapper.go:62.69,63.17 1 0
file-service/internal/presentation/grpc/mapper.go:63.17,65.3 1 0
file-service/internal/presentation/grpc/mapper.go:67.2,78.3 1 0
file-service/internal/presentation/grpc/mapper.go:81.85,83.2 1 0
file-service/internal/presentation/grpc/mapper.go:85.94,87.21 2 0
file-service/internal/presentation/grpc/mapper.go:87.21,89.3 1 0
file-service/internal/presentation/grpc/mapper.go:91.2,92.29 2 0
file-service/internal/presentation/grpc/mapper.go:92.29,94.3 1 0
file-service/internal/presentation/grpc/mapper.go:96.2,96.13 1 0
file-service/internal/presentation/grpc/mapper.go:99.81,101.2 1 0
file-service/internal/presentation/grpc/mapper.go:103.47,104.9 1 0
file-service/internal/presentation/grpc/mapper.go:105.18,106.13 1 0
file-service/internal/presentation/grpc/mapper.go:112.45,113.58 1 0
file-service/internal/presentation/grpc/mapper.go:114.46,115.56 1 0
file-service/internal/presentation/grpc/mapper.go:120.54,121.51 1 0
file-service/internal/presentation/grpc/mapper.go:122.10,124.63 2 0
file-service/internal/presentation/grpc/server.go:25.92,26.16 1 1
file-service/internal/presentation/grpc/server.go:26.16,28.3 1 0
file-service/internal/presentation/grpc/server.go:29.2,29.16 1 1
file-service/internal/presentation/grpc/server.go:29.16,31.3 1 0
file-service/internal/presentation/grpc/server.go:33.2,42.15 4 1
file-service/internal/presentation/grpc/server.go:46.32,49.16 3 0
file-service/internal/presentation/grpc/server.go:49.16,51.3 1 0
file-service/internal/presentation/grpc/server.go:53.2,55.25 3 0
file-service/internal/presentation/grpc/server.go:59.50,60.18 1 0
file-service/internal/presentation/grpc/server.go:60.18,63.3 2 0
file-service/internal/presentation/grpc/server.go:64.2,64.23 1 0
file-service/internal/presentation/grpc/server.go:64.23,66.3 1 0
file-service/internal/presentation/grpc/server.go:67.2,67.12 1 0
file-service/internal/presentation/grpc/server.go:71.117,73.16 2 0
file-service/internal/presentation/grpc/server.go:73.16,75.3 1 0
file-service/internal/presentation/grpc/server.go:77.2,77.43 1 0
file-service/internal/presentation/grpc/server.go:82.120,84.16 2 0
file-service/internal/presentation/grpc/server.go:84.16,86.3 1 0
file-service/internal/presentation/grpc/server.go:88.2,88.49 1 0
file-service/internal/presentation/grpc/server.go:92.108,94.16 2 0
file-service/internal/presentation/grpc/server.go:94.16,96.3 1 0
file-service/internal/presentation/grpc/server.go:98.2,98.72 1 0
file-service/internal/presentation/grpc/server.go:102.117,103.63 1 0
file-service/internal/presentation/grpc/server.go:103.63,105.3 1 0
file-service/internal/presentation/grpc/server.go:107.2,107.54 1 0
file-service/pkg/storage/rustfs/error.go:6.43,8.2 1 0
file-service/pkg/storage/rustfs/error.go:11.60,13.2 1 0
file-service/pkg/storage/rustfs/error.go:16.60,18.2 1 0
file-service/pkg/storage/rustfs/error.go:21.63,23.2 1 0
file-service/pkg/storage/rustfs/rustfs.go:22.75,24.2 1 0
file-service/pkg/storage/rustfs/rustfs.go:30.62,36.16 2 0
file-service/pkg/storage/rustfs/rustfs.go:36.16,38.3 1 0
file-service/pkg/storage/rustfs/rustfs.go:40.2,40.54 1 0
file-service/pkg/storage/rustfs/rustfs.go:40.54,43.3 2 0
file-service/pkg/storage/rustfs/rustfs.go:45.2,47.26 3 0
file-service/pkg/storage/rustfs/rustfs.go:47.26,48.102 1 0
file-service/pkg/storage/rustfs/rustfs.go:48.102,50.4 1 0
file-service/pkg/storage/rustfs/rustfs.go:50.9,52.107 2 0
file-service/pkg/storage/rustfs/rustfs.go:52.107,54.5 1 0
file-service/pkg/storage/rustfs/rustfs.go:54.10,56.5 1 0
file-service/pkg/storage/rustfs/rustfs.go:58.3,58.25 1 0
file-service/pkg/storage/rustfs/rustfs.go:61.2,61.56 1 0
file-service/pkg/storage/rustfs/rustfs.go:64.102,71.16 2 0
file-service/pkg/storage/rustfs/rustfs.go:71.16,73.3 1 0
file-service/pkg/storage/rustfs/rustfs.go:75.2,75.30 1 0
file-service/pkg/storage/rustfs/rustfs.go:78.70,82.17 1 0
file-service/pkg/storage/rustfs/rustfs.go:82.17,84.3 1 0
file-service/pkg/storage/rustfs/rustfs.go:86.2,86.12 1 0
file-service/pkg/storage/rustfs/rustfs.go:89.34,91.2 1 0
file-service/pkg/storage/scylla/error.go:6.53,8.2 1 0
file-service/pkg/storage/scylla/error.go:11.45,13.2 1 0
file-service/pkg/storage/scylla/error.go:16.44,18.2 1 0
file-service/pkg/storage/scylla/scylla.go:30.33,31.17 1 0
file-service/pkg/storage/scylla/scylla.go:31.17,33.3 1 0
file-service/pkg/storage/scylla/scylla.go:36.65,38.2 1 0
file-service/pkg/storage/scylla/scylla.go:40.46,42.2 1 0
file-service/pkg/storage/scylla/scylla.go:48.36,50.2 1 0
file-service/pkg/storage/scylla/scylla.go:52.62,55.2 2 0
file-service/pkg/storage/scylla/scylla.go:57.72,60.2 2 0
file-service/pkg/storage/scylla/scylla.go:62.71,64.16 2 0
file-service/pkg/storage/scylla/scylla.go:64.16,66.3 1 0
file-service/pkg/storage/scylla/scylla.go:67.2,67.36 1 0
file-service/pkg/storage/scylla/scylla.go:87.59,94.24 7 0
file-service/pkg/storage/scylla/scylla.go:94.24,99.3 1 0
file-service/pkg/storage/scylla/scylla.go:101.2,103.41 3 0
file-service/pkg/storage/scylla/scylla.go:103.41,105.17 2 0
file-service/pkg/storage/scylla/scylla.go:105.17,106.9 1 0
file-service/pkg/storage/scylla/scylla.go:108.3,108.31 1 0
file-service/pkg/storage/scylla/scylla.go:110.2,110.16 1 0
file-service/pkg/storage/scylla/scylla.go:110.16,112.3 1 0
file-service/pkg/storage/scylla/scylla.go:114.2,119.39 2 0
file-service/pkg/storage/scylla/scylla.go:119.39,121.3 1 0
file-service/pkg/storage/scylla/scylla.go:123.2,126.41 3 0
file-service/pkg/storage/scylla/scylla.go:126.41,128.17 2 0
file-service/pkg/storage/scylla/scylla.go:128.17,129.9 1 0
file-service/pkg/storage/scylla/scylla.go:131.3,131.31 1 0
file-service/pkg/storage/scylla/scylla.go:133.2,133.16 1 0
file-service/pkg/storage/scylla/scylla.go:133.16,135.3 1 0
file-service/pkg/storage/scylla/scylla.go:137.2,150.24 1 0
file-service/pkg/storage/scylla/scylla.go:150.24,153.3 2 0
file-service/pkg/storage/scylla/scylla.go:155.2,155.17 1 0
file-service/pkg/storage/scylla/scylla.go:158.55,159.51 1 0
file-service/pkg/storage/scylla/scylla.go:160.13,161.19 1 0
file-service/pkg/storage/scylla/scylla.go:162.21,163.27 1 0
file-service/pkg/storage/scylla/scylla.go:164.13,165.19 1 0
file-service/pkg/storage/scylla/scylla.go:166.10,167.22 1 0
file-service/cmd/file-service/main.go:12.13,22.2 1 0
file-service/config/config.go:18.30,22.39 3 0
file-service/config/config.go:22.39,24.3 1 0
file-service/config/config.go:26.2,26.17 1 0
file-service/config/error.go:7.47,9.2 1 0
file-service/internal/application/service.go:22.114,23.17 1 0
file-service/internal/application/service.go:23.17,25.3 1 0
file-service/internal/application/service.go:26.2,26.20 1 0
file-service/internal/application/service.go:26.20,28.3 1 0
file-service/internal/application/service.go:29.2,30.18 2 0
file-service/internal/application/service.go:30.18,32.3 1 0
file-service/internal/application/service.go:33.2,33.16 1 0
file-service/internal/application/service.go:33.16,35.3 1 0
file-service/internal/application/service.go:37.2,42.8 1 0
file-service/internal/application/service.go:45.109,51.16 2 0
file-service/internal/application/service.go:51.16,53.3 1 0
file-service/internal/application/service.go:55.2,55.22 1 0
file-service/internal/application/service.go:58.113,61.19 3 0
file-service/internal/application/service.go:61.19,63.3 1 0
file-service/internal/application/service.go:64.2,64.18 1 0
file-service/internal/application/service.go:64.18,66.3 1 0
file-service/internal/application/service.go:67.2,67.28 1 0
file-service/internal/application/service.go:67.28,69.3 1 0
file-service/internal/application/service.go:71.2,72.36 2 0
file-service/internal/application/service.go:72.36,74.17 2 0
file-service/internal/application/service.go:74.17,77.4 2 0
file-service/internal/application/service.go:78.3,78.34 1 0
file-service/internal/application/service.go:81.2,81.21 1 0
file-service/internal/application/service.go:84.132,87.9 3 0
file-service/internal/application/service.go:88.22,89.40 1 0
file-service/internal/application/service.go:90.25,91.43 1 0
file-service/internal/application/service.go:92.29,93.40 1 0
file-service/internal/application/service.go:96.2,101.16 5 0
file-service/internal/application/service.go:101.16,104.3 2 0
file-service/internal/application/service.go:106.2,121.16 4 0
file-service/internal/application/service.go:121.16,125.3 3 0
file-service/internal/application/service.go:127.2,127.21 1 0
file-service/internal/application/service.go:130.89,132.18 2 0
file-service/internal/application/service.go:132.18,134.3 1 0
file-service/internal/application/service.go:136.2,136.36 1 0
file-service/internal/application/service.go:139.76,141.18 2 0
file-service/internal/application/service.go:141.18,143.3 1 0
file-service/internal/application/service.go:145.2,146.16 2 0
file-service/internal/application/service.go:146.16,148.3 1 0
file-service/internal/application/service.go:150.2,150.64 1 0
file-service/internal/application/service.go:150.64,153.3 2 0
file-service/internal/application/service.go:154.2,154.55 1 0
file-service/internal/application/service.go:154.55,156.3 1 0
file-service/internal/application/service.go:158.2,158.12 1 0
file-service/internal/application/service.go:161.68,162.39 1 0
file-service/internal/application/service.go:162.39,164.18 2 0
file-service/internal/application/service.go:164.18,165.12 1 0
file-service/internal/application/service.go:167.3,168.63 2 0
file-service/internal/application/service.go:172.56,173.15 1 0
file-service/internal/application/service.go:173.15,175.3 1 0
file-service/internal/application/service.go:177.2,177.42 1 0
file-service/internal/fx/app.go:15.40,17.2 1 0
file-service/internal/fx/config.go:15.46,17.2 1 0
file-service/internal/fx/logger.go:16.64,18.2 1 0
file-service/internal/fx/presentation.go:25.115,27.2 1 0
file-service/internal/fx/presentation.go:31.66,33.40 1 0
file-service/internal/fx/presentation.go:33.40,34.14 1 0
file-service/internal/fx/presentation.go:34.14,35.39 1 0
file-service/internal/fx/presentation.go:35.39,36.16 1 0
file-service/internal/fx/presentation.go:39.4,39.14 1 0
file-service/internal/fx/presentation.go:41.43,43.4 1 0
file-service/internal/fx/repository.go:18.78,20.2 1 0
file-service/internal/fx/service.go:18.145,20.2 1 0
file-service/internal/fx/storage.go:30.107,43.16 2 0
file-service/internal/fx/storage.go:43.16,46.3 2 0
file-service/internal/fx/storage.go:47.2,50.39 2 0
file-service/internal/fx/storage.go:50.39,53.4 2 0
file-service/internal/fx/storage.go:56.2,56.17 1 0
file-service/internal/fx/storage.go:60.94,69.16 2 0
file-service/internal/fx/storage.go:69.16,72.3 2 0
file-service/internal/fx/storage.go:74.2,74.21 1 0
file-service/internal/infra/write/scylla/error.go:9.43,11.2 1 2
file-service/internal/infra/write/scylla/error.go:14.41,16.2 1 3
file-service/internal/infra/write/scylla/error.go:19.43,21.2 1 2
file-service/internal/infra/write/scylla/repository.go:32.65,34.2 1 1
file-service/internal/infra/write/scylla/repository.go:40.62,43.2 2 1
file-service/internal/infra/write/scylla/repository.go:45.72,48.2 2 1
file-service/internal/infra/write/scylla/repository.go:50.36,52.2 1 0
file-service/internal/infra/write/scylla/repository.go:54.47,56.2 1 0
file-service/internal/infra/write/scylla/repository.go:59.60,60.15 1 1
file-service/internal/infra/write/scylla/repository.go:60.15,62.3 1 1
file-service/internal/infra/write/scylla/repository.go:64.2,64.47 1 0
file-service/internal/infra/write/scylla/repository.go:67.84,72.40 2 2
file-service/internal/infra/write/scylla/repository.go:72.40,74.3 1 1
file-service/internal/infra/write/scylla/repository.go:76.2,76.32 1 1
file-service/internal/infra/write/scylla/repository.go:79.82,82.171 2 7
file-service/internal/infra/write/scylla/repository.go:82.171,83.40 1 3
file-service/internal/infra/write/scylla/repository.go:83.40,85.4 1 1
file-service/internal/infra/write/scylla/repository.go:86.3,86.37 1 2
file-service/internal/infra/write/scylla/repository.go:89.2,89.44 1 4
file-service/internal/infra/write/scylla/repository.go:92.69,93.50 1 3
file-service/internal/infra/write/scylla/repository.go:93.50,95.3 1 1
file-service/internal/infra/write/scylla/repository.go:96.2,96.88 1 2
file-service/internal/infra/write/scylla/repository.go:96.88,98.3 1 1
file-service/internal/infra/write/scylla/repository.go:100.2,100.12 1 1
file-service/internal/infra/write/scylla/mapper/mapper.go:9.57,22.2 1 2
file-service/internal/infra/write/scylla/mapper/mapper.go:25.57,38.2 1 4
file-service/internal/presentation/grpc/mapper.go:29.51,31.2 1 0
file-service/internal/presentation/grpc/mapper.go:33.92,41.2 1 0
file-service/internal/presentation/grpc/mapper.go:43.99,45.38 2 0
file-service/internal/presentation/grpc/mapper.go:45.38,53.3 1 0
file-service/internal/presentation/grpc/mapper.go:55.2,59.3 1 0
file-service/internal/presentation/grpc/mapper.go:62.69,63.17 1 0
file-service/internal/presentation/grpc/mapper.go:63.17,65.3 1 0
file-service/internal/presentation/grpc/mapper.go:67.2,78.3 1 0
file-service/internal/presentation/grpc/mapper.go:81.85,83.2 1 0
file-service/internal/presentation/grpc/mapper.go:85.94,87.21 2 0
file-service/internal/presentation/grpc/mapper.go:87.21,89.3 1 0
file-service/internal/presentation/grpc/mapper.go:91.2,92.29 2 0
file-service/internal/presentation/grpc/mapper.go:92.29,94.3 1 0
file-service/internal/presentation/grpc/mapper.go:96.2,96.13 1 0
file-service/internal/presentation/grpc/mapper.go:99.81,101.2 1 0
file-service/internal/presentation/grpc/mapper.go:103.47,104.9 1 0
file-service/internal/presentation/grpc/mapper.go:105.18,106.13 1 0
file-service/internal/presentation/grpc/mapper.go:112.45,113.58 1 0
file-service/internal/presentation/grpc/mapper.go:114.46,115.56 1 0
file-service/internal/presentation/grpc/mapper.go:120.54,121.51 1 0
file-service/internal/presentation/grpc/mapper.go:122.10,124.63 2 0
file-service/internal/presentation/grpc/server.go:25.92,26.16 1 0
file-service/internal/presentation/grpc/server.go:26.16,28.3 1 0
file-service/internal/presentation/grpc/server.go:29.2,29.16 1 0
file-service/internal/presentation/grpc/server.go:29.16,31.3 1 0
file-service/internal/presentation/grpc/server.go:33.2,42.15 4 0
file-service/internal/presentation/grpc/server.go:46.32,49.16 3 0
file-service/internal/presentation/grpc/server.go:49.16,51.3 1 0
file-service/internal/presentation/grpc/server.go:53.2,55.25 3 0
file-service/internal/presentation/grpc/server.go:59.50,60.18 1 0
file-service/internal/presentation/grpc/server.go:60.18,63.3 2 0
file-service/internal/presentation/grpc/server.go:64.2,64.23 1 0
file-service/internal/presentation/grpc/server.go:64.23,66.3 1 0
file-service/internal/presentation/grpc/server.go:67.2,67.12 1 0
file-service/internal/presentation/grpc/server.go:71.117,73.16 2 0
file-service/internal/presentation/grpc/server.go:73.16,75.3 1 0
file-service/internal/presentation/grpc/server.go:77.2,77.43 1 0
file-service/internal/presentation/grpc/server.go:82.120,84.16 2 0
file-service/internal/presentation/grpc/server.go:84.16,86.3 1 0
file-service/internal/presentation/grpc/server.go:88.2,88.49 1 0
file-service/internal/presentation/grpc/server.go:92.108,94.16 2 0
file-service/internal/presentation/grpc/server.go:94.16,96.3 1 0
file-service/internal/presentation/grpc/server.go:98.2,98.72 1 0
file-service/internal/presentation/grpc/server.go:102.117,103.63 1 0
file-service/internal/presentation/grpc/server.go:103.63,105.3 1 0
file-service/internal/presentation/grpc/server.go:107.2,107.54 1 0
file-service/pkg/storage/rustfs/error.go:6.43,8.2 1 0
file-service/pkg/storage/rustfs/error.go:11.60,13.2 1 0
file-service/pkg/storage/rustfs/error.go:16.60,18.2 1 0
file-service/pkg/storage/rustfs/error.go:21.63,23.2 1 0
file-service/pkg/storage/rustfs/rustfs.go:22.75,24.2 1 0
file-service/pkg/storage/rustfs/rustfs.go:30.62,36.16 2 0
file-service/pkg/storage/rustfs/rustfs.go:36.16,38.3 1 0
file-service/pkg/storage/rustfs/rustfs.go:40.2,40.54 1 0
file-service/pkg/storage/rustfs/rustfs.go:40.54,43.3 2 0
file-service/pkg/storage/rustfs/rustfs.go:45.2,47.26 3 0
file-service/pkg/storage/rustfs/rustfs.go:47.26,48.102 1 0
file-service/pkg/storage/rustfs/rustfs.go:48.102,50.4 1 0
file-service/pkg/storage/rustfs/rustfs.go:50.9,52.107 2 0
file-service/pkg/storage/rustfs/rustfs.go:52.107,54.5 1 0
file-service/pkg/storage/rustfs/rustfs.go:54.10,56.5 1 0
file-service/pkg/storage/rustfs/rustfs.go:58.3,58.25 1 0
file-service/pkg/storage/rustfs/rustfs.go:61.2,61.56 1 0
file-service/pkg/storage/rustfs/rustfs.go:64.102,71.16 2 0
file-service/pkg/storage/rustfs/rustfs.go:71.16,73.3 1 0
file-service/pkg/storage/rustfs/rustfs.go:75.2,75.30 1 0
file-service/pkg/storage/rustfs/rustfs.go:78.70,82.17 1 0
file-service/pkg/storage/rustfs/rustfs.go:82.17,84.3 1 0
file-service/pkg/storage/rustfs/rustfs.go:86.2,86.12 1 0
file-service/pkg/storage/rustfs/rustfs.go:89.34,91.2 1 0
file-service/pkg/storage/scylla/error.go:6.53,8.2 1 0
file-service/pkg/storage/scylla/error.go:11.45,13.2 1 0
file-service/pkg/storage/scylla/error.go:16.44,18.2 1 0
file-service/pkg/storage/scylla/scylla.go:30.33,31.17 1 0
file-service/pkg/storage/scylla/scylla.go:31.17,33.3 1 0
file-service/pkg/storage/scylla/scylla.go:36.65,38.2 1 0
file-service/pkg/storage/scylla/scylla.go:40.46,42.2 1 0
file-service/pkg/storage/scylla/scylla.go:48.36,50.2 1 0
file-service/pkg/storage/scylla/scylla.go:52.62,55.2 2 0
file-service/pkg/storage/scylla/scylla.go:57.72,60.2 2 0
file-service/pkg/storage/scylla/scylla.go:62.71,64.16 2 0
file-service/pkg/storage/scylla/scylla.go:64.16,66.3 1 0
file-service/pkg/storage/scylla/scylla.go:67.2,67.36 1 0
file-service/pkg/storage/scylla/scylla.go:87.59,94.24 7 0
file-service/pkg/storage/scylla/scylla.go:94.24,99.3 1 0
file-service/pkg/storage/scylla/scylla.go:101.2,103.41 3 0
file-service/pkg/storage/scylla/scylla.go:103.41,105.17 2 0
file-service/pkg/storage/scylla/scylla.go:105.17,106.9 1 0
file-service/pkg/storage/scylla/scylla.go:108.3,108.31 1 0
file-service/pkg/storage/scylla/scylla.go:110.2,110.16 1 0
file-service/pkg/storage/scylla/scylla.go:110.16,112.3 1 0
file-service/pkg/storage/scylla/scylla.go:114.2,119.39 2 0
file-service/pkg/storage/scylla/scylla.go:119.39,121.3 1 0
file-service/pkg/storage/scylla/scylla.go:123.2,126.41 3 0
file-service/pkg/storage/scylla/scylla.go:126.41,128.17 2 0
file-service/pkg/storage/scylla/scylla.go:128.17,129.9 1 0
file-service/pkg/storage/scylla/scylla.go:131.3,131.31 1 0
file-service/pkg/storage/scylla/scylla.go:133.2,133.16 1 0
file-service/pkg/storage/scylla/scylla.go:133.16,135.3 1 0
file-service/pkg/storage/scylla/scylla.go:137.2,150.24 1 0
file-service/pkg/storage/scylla/scylla.go:150.24,153.3 2 0
file-service/pkg/storage/scylla/scylla.go:155.2,155.17 1 0
file-service/pkg/storage/scylla/scylla.go:158.55,159.51 1 0
file-service/pkg/storage/scylla/scylla.go:160.13,161.19 1 0
file-service/pkg/storage/scylla/scylla.go:162.21,163.27 1 0
file-service/pkg/storage/scylla/scylla.go:164.13,165.19 1 0
file-service/pkg/storage/scylla/scylla.go:166.10,167.22 1 0
file-service/cmd/file-service/main.go:12.13,22.2 1 0
file-service/config/config.go:18.30,22.39 3 0
file-service/config/config.go:22.39,24.3 1 0
file-service/config/config.go:26.2,26.17 1 0
file-service/config/error.go:7.47,9.2 1 0
file-service/internal/application/service.go:22.114,23.17 1 0
file-service/internal/application/service.go:23.17,25.3 1 0
file-service/internal/application/service.go:26.2,26.20 1 0
file-service/internal/application/service.go:26.20,28.3 1 0
file-service/internal/application/service.go:29.2,30.18 2 0
file-service/internal/application/service.go:30.18,32.3 1 0
file-service/internal/application/service.go:33.2,33.16 1 0
file-service/internal/application/service.go:33.16,35.3 1 0
file-service/internal/application/service.go:37.2,42.8 1 0
file-service/internal/application/service.go:45.109,51.16 2 0
file-service/internal/application/service.go:51.16,53.3 1 0
file-service/internal/application/service.go:55.2,55.22 1 0
file-service/internal/application/service.go:58.113,61.19 3 0
file-service/internal/application/service.go:61.19,63.3 1 0
file-service/internal/application/service.go:64.2,64.18 1 0
file-service/internal/application/service.go:64.18,66.3 1 0
file-service/internal/application/service.go:67.2,67.28 1 0
file-service/internal/application/service.go:67.28,69.3 1 0
file-service/internal/application/service.go:71.2,72.36 2 0
file-service/internal/application/service.go:72.36,74.17 2 0
file-service/internal/application/service.go:74.17,77.4 2 0
file-service/internal/application/service.go:78.3,78.34 1 0
file-service/internal/application/service.go:81.2,81.21 1 0
file-service/internal/application/service.go:84.132,87.9 3 0
file-service/internal/application/service.go:88.22,89.40 1 0
file-service/internal/application/service.go:90.25,91.43 1 0
file-service/internal/application/service.go:92.29,93.40 1 0
file-service/internal/application/service.go:96.2,101.16 5 0
file-service/internal/application/service.go:101.16,104.3 2 0
file-service/internal/application/service.go:106.2,121.16 4 0
file-service/internal/application/service.go:121.16,125.3 3 0
file-service/internal/application/service.go:127.2,127.21 1 0
file-service/internal/application/service.go:130.89,132.18 2 0
file-service/internal/application/service.go:132.18,134.3 1 0
file-service/internal/application/service.go:136.2,136.36 1 0
file-service/internal/application/service.go:139.76,141.18 2 0
file-service/internal/application/service.go:141.18,143.3 1 0
file-service/internal/application/service.go:145.2,146.16 2 0
file-service/internal/application/service.go:146.16,148.3 1 0
file-service/internal/application/service.go:150.2,150.64 1 0
file-service/internal/application/service.go:150.64,153.3 2 0
file-service/internal/application/service.go:154.2,154.55 1 0
file-service/internal/application/service.go:154.55,156.3 1 0
file-service/internal/application/service.go:158.2,158.12 1 0
file-service/internal/application/service.go:161.68,162.39 1 0
file-service/internal/application/service.go:162.39,164.18 2 0
file-service/internal/application/service.go:164.18,165.12 1 0
file-service/internal/application/service.go:167.3,168.63 2 0
file-service/internal/application/service.go:172.56,173.15 1 0
file-service/internal/application/service.go:173.15,175.3 1 0
file-service/internal/application/service.go:177.2,177.42 1 0
file-service/internal/fx/app.go:15.40,17.2 1 0
file-service/internal/fx/config.go:15.46,17.2 1 0
file-service/internal/fx/logger.go:16.64,18.2 1 0
file-service/internal/fx/presentation.go:25.115,27.2 1 0
file-service/internal/fx/presentation.go:31.66,33.40 1 0
file-service/internal/fx/presentation.go:33.40,34.14 1 0
file-service/internal/fx/presentation.go:34.14,35.39 1 0
file-service/internal/fx/presentation.go:35.39,36.16 1 0
file-service/internal/fx/presentation.go:39.4,39.14 1 0
file-service/internal/fx/presentation.go:41.43,43.4 1 0
file-service/internal/fx/repository.go:18.78,20.2 1 0
file-service/internal/fx/service.go:18.145,20.2 1 0
file-service/internal/fx/storage.go:30.107,43.16 2 0
file-service/internal/fx/storage.go:43.16,46.3 2 0
file-service/internal/fx/storage.go:47.2,50.39 2 0
file-service/internal/fx/storage.go:50.39,53.4 2 0
file-service/internal/fx/storage.go:56.2,56.17 1 0
file-service/internal/fx/storage.go:60.94,69.16 2 0
file-service/internal/fx/storage.go:69.16,72.3 2 0
file-service/internal/fx/storage.go:74.2,74.21 1 0
file-service/internal/infra/write/scylla/error.go:9.43,11.2 1 0
file-service/internal/infra/write/scylla/error.go:14.41,16.2 1 0
file-service/internal/infra/write/scylla/error.go:19.43,21.2 1 0
file-service/internal/infra/write/scylla/repository.go:32.65,34.2 1 0
file-service/internal/infra/write/scylla/repository.go:40.62,43.2 2 0
file-service/internal/infra/write/scylla/repository.go:45.72,48.2 2 0
file-service/internal/infra/write/scylla/repository.go:50.36,52.2 1 0
file-service/internal/infra/write/scylla/repository.go:54.47,56.2 1 0
file-service/internal/infra/write/scylla/repository.go:59.60,60.15 1 0
file-service/internal/infra/write/scylla/repository.go:60.15,62.3 1 0
file-service/internal/infra/write/scylla/repository.go:64.2,64.47 1 0
file-service/internal/infra/write/scylla/repository.go:67.84,72.40 2 0
file-service/internal/infra/write/scylla/repository.go:72.40,74.3 1 0
file-service/internal/infra/write/scylla/repository.go:76.2,76.32 1 0
file-service/internal/infra/write/scylla/repository.go:79.82,82.171 2 0
file-service/internal/infra/write/scylla/repository.go:82.171,83.40 1 0
file-service/internal/infra/write/scylla/repository.go:83.40,85.4 1 0
file-service/internal/infra/write/scylla/repository.go:86.3,86.37 1 0
file-service/internal/infra/write/scylla/repository.go:89.2,89.44 1 0
file-service/internal/infra/write/scylla/repository.go:92.69,93.50 1 0
file-service/internal/infra/write/scylla/repository.go:93.50,95.3 1 0
file-service/internal/infra/write/scylla/repository.go:96.2,96.88 1 0
file-service/internal/infra/write/scylla/repository.go:96.88,98.3 1 0
file-service/internal/infra/write/scylla/repository.go:100.2,100.12 1 0
file-service/internal/infra/write/scylla/mapper/mapper.go:9.57,22.2 1 1
file-service/internal/infra/write/scylla/mapper/mapper.go:25.57,38.2 1 1
file-service/internal/presentation/grpc/mapper.go:29.51,31.2 1 0
file-service/internal/presentation/grpc/mapper.go:33.92,41.2 1 0
file-service/internal/presentation/grpc/mapper.go:43.99,45.38 2 0
file-service/internal/presentation/grpc/mapper.go:45.38,53.3 1 0
file-service/internal/presentation/grpc/mapper.go:55.2,59.3 1 0
file-service/internal/presentation/grpc/mapper.go:62.69,63.17 1 0
file-service/internal/presentation/grpc/mapper.go:63.17,65.3 1 0
file-service/internal/presentation/grpc/mapper.go:67.2,78.3 1 0
file-service/internal/presentation/grpc/mapper.go:81.85,83.2 1 0
file-service/internal/presentation/grpc/mapper.go:85.94,87.21 2 0
file-service/internal/presentation/grpc/mapper.go:87.21,89.3 1 0
file-service/internal/presentation/grpc/mapper.go:91.2,92.29 2 0
file-service/internal/presentation/grpc/mapper.go:92.29,94.3 1 0
file-service/internal/presentation/grpc/mapper.go:96.2,96.13 1 0
file-service/internal/presentation/grpc/mapper.go:99.81,101.2 1 0
file-service/internal/presentation/grpc/mapper.go:103.47,104.9 1 0
file-service/internal/presentation/grpc/mapper.go:105.18,106.13 1 0
file-service/internal/presentation/grpc/mapper.go:112.45,113.58 1 0
file-service/internal/presentation/grpc/mapper.go:114.46,115.56 1 0
file-service/internal/presentation/grpc/mapper.go:120.54,121.51 1 0
file-service/internal/presentation/grpc/mapper.go:122.10,124.63 2 0
file-service/internal/presentation/grpc/server.go:25.92,26.16 1 0
file-service/internal/presentation/grpc/server.go:26.16,28.3 1 0
file-service/internal/presentation/grpc/server.go:29.2,29.16 1 0
file-service/internal/presentation/grpc/server.go:29.16,31.3 1 0
file-service/internal/presentation/grpc/server.go:33.2,42.15 4 0
file-service/internal/presentation/grpc/server.go:46.32,49.16 3 0
file-service/internal/presentation/grpc/server.go:49.16,51.3 1 0
file-service/internal/presentation/grpc/server.go:53.2,55.25 3 0
file-service/internal/presentation/grpc/server.go:59.50,60.18 1 0
file-service/internal/presentation/grpc/server.go:60.18,63.3 2 0
file-service/internal/presentation/grpc/server.go:64.2,64.23 1 0
file-service/internal/presentation/grpc/server.go:64.23,66.3 1 0
file-service/internal/presentation/grpc/server.go:67.2,67.12 1 0
file-service/internal/presentation/grpc/server.go:71.117,73.16 2 0
file-service/internal/presentation/grpc/server.go:73.16,75.3 1 0
file-service/internal/presentation/grpc/server.go:77.2,77.43 1 0
file-service/internal/presentation/grpc/server.go:82.120,84.16 2 0
file-service/internal/presentation/grpc/server.go:84.16,86.3 1 0
file-service/internal/presentation/grpc/server.go:88.2,88.49 1 0
file-service/internal/presentation/grpc/server.go:92.108,94.16 2 0
file-service/internal/presentation/grpc/server.go:94.16,96.3 1 0
file-service/internal/presentation/grpc/server.go:98.2,98.72 1 0
file-service/internal/presentation/grpc/server.go:102.117,103.63 1 0
file-service/internal/presentation/grpc/server.go:103.63,105.3 1 0
file-service/internal/presentation/grpc/server.go:107.2,107.54 1 0
file-service/pkg/storage/rustfs/error.go:6.43,8.2 1 0
file-service/pkg/storage/rustfs/error.go:11.60,13.2 1 0
file-service/pkg/storage/rustfs/error.go:16.60,18.2 1 0
file-service/pkg/storage/rustfs/error.go:21.63,23.2 1 0
file-service/pkg/storage/rustfs/rustfs.go:22.75,24.2 1 0
file-service/pkg/storage/rustfs/rustfs.go:30.62,36.16 2 0
file-service/pkg/storage/rustfs/rustfs.go:36.16,38.3 1 0
file-service/pkg/storage/rustfs/rustfs.go:40.2,40.54 1 0
file-service/pkg/storage/rustfs/rustfs.go:40.54,43.3 2 0
file-service/pkg/storage/rustfs/rustfs.go:45.2,47.26 3 0
file-service/pkg/storage/rustfs/rustfs.go:47.26,48.102 1 0
file-service/pkg/storage/rustfs/rustfs.go:48.102,50.4 1 0
file-service/pkg/storage/rustfs/rustfs.go:50.9,52.107 2 0
file-service/pkg/storage/rustfs/rustfs.go:52.107,54.5 1 0
file-service/pkg/storage/rustfs/rustfs.go:54.10,56.5 1 0
file-service/pkg/storage/rustfs/rustfs.go:58.3,58.25 1 0
file-service/pkg/storage/rustfs/rustfs.go:61.2,61.56 1 0
file-service/pkg/storage/rustfs/rustfs.go:64.102,71.16 2 0
file-service/pkg/storage/rustfs/rustfs.go:71.16,73.3 1 0
file-service/pkg/storage/rustfs/rustfs.go:75.2,75.30 1 0
file-service/pkg/storage/rustfs/rustfs.go:78.70,82.17 1 0
file-service/pkg/storage/rustfs/rustfs.go:82.17,84.3 1 0
file-service/pkg/storage/rustfs/rustfs.go:86.2,86.12 1 0
file-service/pkg/storage/rustfs/rustfs.go:89.34,91.2 1 0
file-service/pkg/storage/scylla/error.go:6.53,8.2 1 0
file-service/pkg/storage/scylla/error.go:11.45,13.2 1 0
file-service/pkg/storage/scylla/error.go:16.44,18.2 1 0
file-service/pkg/storage/scylla/scylla.go:30.33,31.17 1 0
file-service/pkg/storage/scylla/scylla.go:31.17,33.3 1 0
file-service/pkg/storage/scylla/scylla.go:36.65,38.2 1 0
file-service/pkg/storage/scylla/scylla.go:40.46,42.2 1 0
file-service/pkg/storage/scylla/scylla.go:48.36,50.2 1 0
file-service/pkg/storage/scylla/scylla.go:52.62,55.2 2 0
file-service/pkg/storage/scylla/scylla.go:57.72,60.2 2 0
file-service/pkg/storage/scylla/scylla.go:62.71,64.16 2 0
file-service/pkg/storage/scylla/scylla.go:64.16,66.3 1 0
file-service/pkg/storage/scylla/scylla.go:67.2,67.36 1 0
file-service/pkg/storage/scylla/scylla.go:87.59,94.24 7 0
file-service/pkg/storage/scylla/scylla.go:94.24,99.3 1 0
file-service/pkg/storage/scylla/scylla.go:101.2,103.41 3 0
file-service/pkg/storage/scylla/scylla.go:103.41,105.17 2 0
file-service/pkg/storage/scylla/scylla.go:105.17,106.9 1 0
file-service/pkg/storage/scylla/scylla.go:108.3,108.31 1 0
file-service/pkg/storage/scylla/scylla.go:110.2,110.16 1 0
file-service/pkg/storage/scylla/scylla.go:110.16,112.3 1 0
file-service/pkg/storage/scylla/scylla.go:114.2,119.39 2 0
file-service/pkg/storage/scylla/scylla.go:119.39,121.3 1 0
file-service/pkg/storage/scylla/scylla.go:123.2,126.41 3 0
file-service/pkg/storage/scylla/scylla.go:126.41,128.17 2 0
file-service/pkg/storage/scylla/scylla.go:128.17,129.9 1 0
file-service/pkg/storage/scylla/scylla.go:131.3,131.31 1 0
file-service/pkg/storage/scylla/scylla.go:133.2,133.16 1 0
file-service/pkg/storage/scylla/scylla.go:133.16,135.3 1 0
file-service/pkg/storage/scylla/scylla.go:137.2,150.24 1 0
file-service/pkg/storage/scylla/scylla.go:150.24,153.3 2 0
file-service/pkg/storage/scylla/scylla.go:155.2,155.17 1 0
file-service/pkg/storage/scylla/scylla.go:158.55,159.51 1 0
file-service/pkg/storage/scylla/scylla.go:160.13,161.19 1 0
file-service/pkg/storage/scylla/scylla.go:162.21,163.27 1 0
file-service/pkg/storage/scylla/scylla.go:164.13,165.19 1 0
file-service/pkg/storage/scylla/scylla.go:166.10,167.22 1 0
file-service/cmd/file-service/main.go:12.13,22.2 1 0
file-service/config/config.go:18.30,22.39 3 0
file-service/config/config.go:22.39,24.3 1 0
file-service/config/config.go:26.2,26.17 1 0
file-service/config/error.go:7.47,9.2 1 0
file-service/internal/application/service.go:22.114,23.17 1 0
file-service/internal/application/service.go:23.17,25.3 1 0
file-service/internal/application/service.go:26.2,26.20 1 0
file-service/internal/application/service.go:26.20,28.3 1 0
file-service/internal/application/service.go:29.2,30.18 2 0
file-service/internal/application/service.go:30.18,32.3 1 0
file-service/internal/application/service.go:33.2,33.16 1 0
file-service/internal/application/service.go:33.16,35.3 1 0
file-service/internal/application/service.go:37.2,42.8 1 0
file-service/internal/application/service.go:45.109,51.16 2 0
file-service/internal/application/service.go:51.16,53.3 1 0
file-service/internal/application/service.go:55.2,55.22 1 0
file-service/internal/application/service.go:58.113,61.19 3 0
file-service/internal/application/service.go:61.19,63.3 1 0
file-service/internal/application/service.go:64.2,64.18 1 0
file-service/internal/application/service.go:64.18,66.3 1 0
file-service/internal/application/service.go:67.2,67.28 1 0
file-service/internal/application/service.go:67.28,69.3 1 0
file-service/internal/application/service.go:71.2,72.36 2 0
file-service/internal/application/service.go:72.36,74.17 2 0
file-service/internal/application/service.go:74.17,77.4 2 0
file-service/internal/application/service.go:78.3,78.34 1 0
file-service/internal/application/service.go:81.2,81.21 1 0
file-service/internal/application/service.go:84.132,87.9 3 0
file-service/internal/application/service.go:88.22,89.40 1 0
file-service/internal/application/service.go:90.25,91.43 1 0
file-service/internal/application/service.go:92.29,93.40 1 0
file-service/internal/application/service.go:96.2,101.16 5 0
file-service/internal/application/service.go:101.16,104.3 2 0
file-service/internal/application/service.go:106.2,121.16 4 0
file-service/internal/application/service.go:121.16,125.3 3 0
file-service/internal/application/service.go:127.2,127.21 1 0
file-service/internal/application/service.go:130.89,132.18 2 0
file-service/internal/application/service.go:132.18,134.3 1 0
file-service/internal/application/service.go:136.2,136.36 1 0
file-service/internal/application/service.go:139.76,141.18 2 0
file-service/internal/application/service.go:141.18,143.3 1 0
file-service/internal/application/service.go:145.2,146.16 2 0
file-service/internal/application/service.go:146.16,148.3 1 0
file-service/internal/application/service.go:150.2,150.64 1 0
file-service/internal/application/service.go:150.64,153.3 2 0
file-service/internal/application/service.go:154.2,154.55 1 0
file-service/internal/application/service.go:154.55,156.3 1 0
file-service/internal/application/service.go:158.2,158.12 1 0
file-service/internal/application/service.go:161.68,162.39 1 0
file-service/internal/application/service.go:162.39,164.18 2 0
file-service/internal/application/service.go:164.18,165.12 1 0
file-service/internal/application/service.go:167.3,168.63 2 0
file-service/internal/application/service.go:172.56,173.15 1 0
[...]
file-service/internal/infra/write/scylla/repository.go:86.3,86.37 1 0
file-service/internal/infra/write/scylla/repository.go:89.2,89.44 1 0
file-service/internal/infra/write/scylla/repository.go:92.69,93.50 1 0
file-service/internal/infra/write/scylla/repository.go:93.50,95.3 1 0
file-service/internal/infra/write/scylla/repository.go:96.2,96.88 1 0
file-service/internal/infra/write/scylla/repository.go:96.88,98.3 1 0
file-service/internal/infra/write/scylla/repository.go:100.2,100.12 1 0
file-service/internal/infra/write/scylla/mapper/mapper.go:9.57,22.2 1 0
file-service/internal/infra/write/scylla/mapper/mapper.go:25.57,38.2 1 0
file-service/internal/presentation/grpc/mapper.go:29.51,31.2 1 0
file-service/internal/presentation/grpc/mapper.go:33.92,41.2 1 0
file-service/internal/presentation/grpc/mapper.go:43.99,45.38 2 0
file-service/internal/presentation/grpc/mapper.go:45.38,53.3 1 0
file-service/internal/presentation/grpc/mapper.go:55.2,59.3 1 0
file-service/internal/presentation/grpc/mapper.go:62.69,63.17 1 0
file-service/internal/presentation/grpc/mapper.go:63.17,65.3 1 0
file-service/internal/presentation/grpc/mapper.go:67.2,78.3 1 0
file-service/internal/presentation/grpc/mapper.go:81.85,83.2 1 0
file-service/internal/presentation/grpc/mapper.go:85.94,87.21 2 0
file-service/internal/presentation/grpc/mapper.go:87.21,89.3 1 0
file-service/internal/presentation/grpc/mapper.go:91.2,92.29 2 0
file-service/internal/presentation/grpc/mapper.go:92.29,94.3 1 0
file-service/internal/presentation/grpc/mapper.go:96.2,96.13 1 0
file-service/internal/presentation/grpc/mapper.go:99.81,101.2 1 0
file-service/internal/presentation/grpc/mapper.go:103.47,104.9 1 0
file-service/internal/presentation/grpc/mapper.go:105.18,106.13 1 0
file-service/internal/presentation/grpc/mapper.go:112.45,113.58 1 0
file-service/internal/presentation/grpc/mapper.go:114.46,115.56 1 0
file-service/internal/presentation/grpc/mapper.go:120.54,121.51 1 0
file-service/internal/presentation/grpc/mapper.go:122.10,124.63 2 0
file-service/internal/presentation/grpc/server.go:25.92,26.16 1 0
file-service/internal/presentation/grpc/server.go:26.16,28.3 1 0
file-service/internal/presentation/grpc/server.go:29.2,29.16 1 0
file-service/internal/presentation/grpc/server.go:29.16,31.3 1 0
file-service/internal/presentation/grpc/server.go:33.2,42.15 4 0
file-service/internal/presentation/grpc/server.go:46.32,49.16 3 0
file-service/internal/presentation/grpc/server.go:49.16,51.3 1 0
file-service/internal/presentation/grpc/server.go:53.2,55.25 3 0
file-service/internal/presentation/grpc/server.go:59.50,60.18 1 0
file-service/internal/presentation/grpc/server.go:60.18,63.3 2 0
file-service/internal/presentation/grpc/server.go:64.2,64.23 1 0
file-service/internal/presentation/grpc/server.go:64.23,66.3 1 0
file-service/internal/presentation/grpc/server.go:67.2,67.12 1 0
file-service/internal/presentation/grpc/server.go:71.117,73.16 2 0
file-service/internal/presentation/grpc/server.go:73.16,75.3 1 0
file-service/internal/presentation/grpc/server.go:77.2,77.43 1 0
file-service/internal/presentation/grpc/server.go:82.120,84.16 2 0
file-service/internal/presentation/grpc/server.go:84.16,86.3 1 0
file-service/internal/presentation/grpc/server.go:88.2,88.49 1 0
file-service/internal/presentation/grpc/server.go:92.108,94.16 2 0
file-service/internal/presentation/grpc/server.go:94.16,96.3 1 0
file-service/internal/presentation/grpc/server.go:98.2,98.72 1 0
file-service/internal/presentation/grpc/server.go:102.117,103.63 1 0
file-service/internal/presentation/grpc/server.go:103.63,105.3 1 0
file-service/internal/presentation/grpc/server.go:107.2,107.54 1 0
file-service/pkg/storage/rustfs/error.go:6.43,8.2 1 2
file-service/pkg/storage/rustfs/error.go:11.60,13.2 1 2
file-service/pkg/storage/rustfs/error.go:16.60,18.2 1 2
file-service/pkg/storage/rustfs/error.go:21.63,23.2 1 2
file-service/pkg/storage/rustfs/rustfs.go:22.75,24.2 1 0
file-service/pkg/storage/rustfs/rustfs.go:30.62,36.16 2 5
file-service/pkg/storage/rustfs/rustfs.go:36.16,38.3 1 1
file-service/pkg/storage/rustfs/rustfs.go:40.2,40.54 1 4
file-service/pkg/storage/rustfs/rustfs.go:40.54,43.3 2 0
file-service/pkg/storage/rustfs/rustfs.go:45.2,47.26 3 4
file-service/pkg/storage/rustfs/rustfs.go:47.26,48.102 1 13
file-service/pkg/storage/rustfs/rustfs.go:48.102,50.4 1 2
file-service/pkg/storage/rustfs/rustfs.go:50.9,52.107 2 11
file-service/pkg/storage/rustfs/rustfs.go:52.107,54.5 1 1
file-service/pkg/storage/rustfs/rustfs.go:54.10,56.5 1 10
file-service/pkg/storage/rustfs/rustfs.go:58.3,58.25 1 10
file-service/pkg/storage/rustfs/rustfs.go:61.2,61.56 1 1
file-service/pkg/storage/rustfs/rustfs.go:64.102,71.16 2 2
file-service/pkg/storage/rustfs/rustfs.go:71.16,73.3 1 1
file-service/pkg/storage/rustfs/rustfs.go:75.2,75.30 1 1
file-service/pkg/storage/rustfs/rustfs.go:78.70,82.17 1 2
file-service/pkg/storage/rustfs/rustfs.go:82.17,84.3 1 1
file-service/pkg/storage/rustfs/rustfs.go:86.2,86.12 1 1
file-service/pkg/storage/rustfs/rustfs.go:89.34,91.2 1 2
file-service/pkg/storage/scylla/error.go:6.53,8.2 1 0
file-service/pkg/storage/scylla/error.go:11.45,13.2 1 0
file-service/pkg/storage/scylla/error.go:16.44,18.2 1 0
file-service/pkg/storage/scylla/scylla.go:30.33,31.17 1 0
file-service/pkg/storage/scylla/scylla.go:31.17,33.3 1 0
file-service/pkg/storage/scylla/scylla.go:36.65,38.2 1 0
file-service/pkg/storage/scylla/scylla.go:40.46,42.2 1 0
file-service/pkg/storage/scylla/scylla.go:48.36,50.2 1 0
file-service/pkg/storage/scylla/scylla.go:52.62,55.2 2 0
file-service/pkg/storage/scylla/scylla.go:57.72,60.2 2 0
file-service/pkg/storage/scylla/scylla.go:62.71,64.16 2 0
file-service/pkg/storage/scylla/scylla.go:64.16,66.3 1 0
file-service/pkg/storage/scylla/scylla.go:67.2,67.36 1 0
file-service/pkg/storage/scylla/scylla.go:87.59,94.24 7 0
file-service/pkg/storage/scylla/scylla.go:94.24,99.3 1 0
file-service/pkg/storage/scylla/scylla.go:101.2,103.41 3 0
file-service/pkg/storage/scylla/scylla.go:103.41,105.17 2 0
file-service/pkg/storage/scylla/scylla.go:105.17,106.9 1 0
file-service/pkg/storage/scylla/scylla.go:108.3,108.31 1 0
file-service/pkg/storage/scylla/scylla.go:110.2,110.16 1 0
file-service/pkg/storage/scylla/scylla.go:110.16,112.3 1 0
file-service/pkg/storage/scylla/scylla.go:114.2,119.39 2 0
file-service/pkg/storage/scylla/scylla.go:119.39,121.3 1 0
file-service/pkg/storage/scylla/scylla.go:123.2,126.41 3 0
file-service/pkg/storage/scylla/scylla.go:126.41,128.17 2 0
file-service/pkg/storage/scylla/scylla.go:128.17,129.9 1 0
file-service/pkg/storage/scylla/scylla.go:131.3,131.31 1 0
file-service/pkg/storage/scylla/scylla.go:133.2,133.16 1 0
file-service/pkg/storage/scylla/scylla.go:133.16,135.3 1 0
file-service/pkg/storage/scylla/scylla.go:137.2,150.24 1 0
file-service/pkg/storage/scylla/scylla.go:150.24,153.3 2 0
file-service/pkg/storage/scylla/scylla.go:155.2,155.17 1 0
file-service/pkg/storage/scylla/scylla.go:158.55,159.51 1 0
file-service/pkg/storage/scylla/scylla.go:160.13,161.19 1 0
file-service/pkg/storage/scylla/scylla.go:162.21,163.27 1 0
file-service/pkg/storage/scylla/scylla.go:164.13,165.19 1 0
file-service/pkg/storage/scylla/scylla.go:166.10,167.22 1 0
file-service/cmd/file-service/main.go:12.13,22.2 1 0
file-service/config/config.go:18.30,22.39 3 0
file-service/config/config.go:22.39,24.3 1 0
file-service/config/config.go:26.2,26.17 1 0
file-service/config/error.go:7.47,9.2 1 0
file-service/internal/application/service.go:22.114,23.17 1 0
file-service/internal/application/service.go:23.17,25.3 1 0
file-service/internal/application/service.go:26.2,26.20 1 0
file-service/internal/application/service.go:26.20,28.3 1 0
file-service/internal/application/service.go:29.2,30.18 2 0
file-service/internal/application/service.go:30.18,32.3 1 0
file-service/internal/application/service.go:33.2,33.16 1 0
file-service/internal/application/service.go:33.16,35.3 1 0
file-service/internal/application/service.go:37.2,42.8 1 0
file-service/internal/application/service.go:45.109,51.16 2 0
file-service/internal/application/service.go:51.16,53.3 1 0
file-service/internal/application/service.go:55.2,55.22 1 0
file-service/internal/application/service.go:58.113,61.19 3 0
file-service/internal/application/service.go:61.19,63.3 1 0
file-service/internal/application/service.go:64.2,64.18 1 0
file-service/internal/application/service.go:64.18,66.3 1 0
file-service/internal/application/service.go:67.2,67.28 1 0
file-service/internal/application/service.go:67.28,69.3 1 0
file-service/internal/application/service.go:71.2,72.36 2 0
file-service/internal/application/service.go:72.36,74.17 2 0
file-service/internal/application/service.go:74.17,77.4 2 0
file-service/internal/application/service.go:78.3,78.34 1 0
file-service/internal/application/service.go:81.2,81.21 1 0
file-service/internal/application/service.go:84.132,87.9 3 0
file-service/internal/application/service.go:88.22,89.40 1 0
file-service/internal/application/service.go:90.25,91.43 1 0
file-service/internal/application/service.go:92.29,93.40 1 0
file-service/internal/application/service.go:96.2,101.16 5 0
file-service/internal/application/service.go:101.16,104.3 2 0
file-service/internal/application/service.go:106.2,121.16 4 0
file-service/internal/application/service.go:121.16,125.3 3 0
file-service/internal/application/service.go:127.2,127.21 1 0
file-service/internal/application/service.go:130.89,132.18 2 0
file-service/internal/application/service.go:132.18,134.3 1 0
file-service/internal/application/service.go:136.2,136.36 1 0
file-service/internal/application/service.go:139.76,141.18 2 0
file-service/internal/application/service.go:141.18,143.3 1 0
file-service/internal/application/service.go:145.2,146.16 2 0
file-service/internal/application/service.go:146.16,148.3 1 0
file-service/internal/application/service.go:150.2,150.64 1 0
file-service/internal/application/service.go:150.64,153.3 2 0
file-service/internal/application/service.go:154.2,154.55 1 0
file-service/internal/application/service.go:154.55,156.3 1 0
file-service/internal/application/service.go:158.2,158.12 1 0
file-service/internal/application/service.go:161.68,162.39 1 0
file-service/internal/application/service.go:162.39,164.18 2 0
file-service/internal/application/service.go:164.18,165.12 1 0
file-service/internal/application/service.go:167.3,168.63 2 0
file-service/internal/application/service.go:172.56,173.15 1 0
file-service/internal/application/service.go:173.15,175.3 1 0
file-service/internal/application/service.go:177.2,177.42 1 0
file-service/internal/fx/app.go:15.40,17.2 1 0
file-service/internal/fx/config.go:15.46,17.2 1 0
file-service/internal/fx/logger.go:16.64,18.2 1 0
file-service/internal/fx/presentation.go:25.115,27.2 1 0
file-service/internal/fx/presentation.go:31.66,33.40 1 0
file-service/internal/fx/presentation.go:33.40,34.14 1 0
file-service/internal/fx/presentation.go:34.14,35.39 1 0
file-service/internal/fx/presentation.go:35.39,36.16 1 0
file-service/internal/fx/presentation.go:39.4,39.14 1 0
file-service/internal/fx/presentation.go:41.43,43.4 1 0
file-service/internal/fx/repository.go:18.78,20.2 1 0
file-service/internal/fx/service.go:18.145,20.2 1 0
file-service/internal/fx/storage.go:30.107,43.16 2 0
file-service/internal/fx/storage.go:43.16,46.3 2 0
file-service/internal/fx/storage.go:47.2,50.39 2 0
file-service/internal/fx/storage.go:50.39,53.4 2 0
file-service/internal/fx/storage.go:56.2,56.17 1 0
file-service/internal/fx/storage.go:60.94,69.16 2 0
file-service/internal/fx/storage.go:69.16,72.3 2 0
file-service/internal/fx/storage.go:74.2,74.21 1 0
file-service/internal/infra/write/scylla/error.go:9.43,11.2 1 0
file-service/internal/infra/write/scylla/error.go:14.41,16.2 1 0
file-service/internal/infra/write/scylla/error.go:19.43,21.2 1 0
file-service/internal/infra/write/scylla/repository.go:32.65,34.2 1 0
file-service/internal/infra/write/scylla/repository.go:40.62,43.2 2 0
file-service/internal/infra/write/scylla/repository.go:45.72,48.2 2 0
file-service/internal/infra/write/scylla/repository.go:50.36,52.2 1 0
file-service/internal/infra/write/scylla/repository.go:54.47,56.2 1 0
file-service/internal/infra/write/scylla/repository.go:59.60,60.15 1 0
file-service/internal/infra/write/scylla/repository.go:60.15,62.3 1 0
file-service/internal/infra/write/scylla/repository.go:64.2,64.47 1 0
file-service/internal/infra/write/scylla/repository.go:67.84,72.40 2 0
file-service/internal/infra/write/scylla/repository.go:72.40,74.3 1 0
file-service/internal/infra/write/scylla/repository.go:76.2,76.32 1 0
file-service/internal/infra/write/scylla/repository.go:79.82,82.171 2 0
file-service/internal/infra/write/scylla/repository.go:82.171,83.40 1 0
file-service/internal/infra/write/scylla/repository.go:83.40,85.4 1 0
file-service/internal/infra/write/scylla/repository.go:86.3,86.37 1 0
file-service/internal/infra/write/scylla/repository.go:89.2,89.44 1 0
file-service/internal/infra/write/scylla/repository.go:92.69,93.50 1 0
file-service/internal/infra/write/scylla/repository.go:93.50,95.3 1 0
file-service/internal/infra/write/scylla/repository.go:96.2,96.88 1 0
file-service/internal/infra/write/scylla/repository.go:96.88,98.3 1 0
file-service/internal/infra/write/scylla/repository.go:100.2,100.12 1 0
file-service/internal/infra/write/scylla/mapper/mapper.go:9.57,22.2 1 0
file-service/internal/infra/write/scylla/mapper/mapper.go:25.57,38.2 1 0
file-service/internal/presentation/grpc/mapper.go:29.51,31.2 1 0
file-service/internal/presentation/grpc/mapper.go:33.92,41.2 1 0
file-service/internal/presentation/grpc/mapper.go:43.99,45.38 2 0
file-service/internal/presentation/grpc/mapper.go:45.38,53.3 1 0
file-service/internal/presentation/grpc/mapper.go:55.2,59.3 1 0
file-service/internal/presentation/grpc/mapper.go:62.69,63.17 1 0
file-service/internal/presentation/grpc/mapper.go:63.17,65.3 1 0
file-service/internal/presentation/grpc/mapper.go:67.2,78.3 1 0
file-service/internal/presentation/grpc/mapper.go:81.85,83.2 1 0
file-service/internal/presentation/grpc/mapper.go:85.94,87.21 2 0
file-service/internal/presentation/grpc/mapper.go:87.21,89.3 1 0
file-service/internal/presentation/grpc/mapper.go:91.2,92.29 2 0
file-service/internal/presentation/grpc/mapper.go:92.29,94.3 1 0
file-service/internal/presentation/grpc/mapper.go:96.2,96.13 1 0
file-service/internal/presentation/grpc/mapper.go:99.81,101.2 1 0
file-service/internal/presentation/grpc/mapper.go:103.47,104.9 1 0
file-service/internal/presentation/grpc/mapper.go:105.18,106.13 1 0
file-service/internal/presentation/grpc/mapper.go:112.45,113.58 1 0
file-service/internal/presentation/grpc/mapper.go:114.46,115.56 1 0
file-service/internal/presentation/grpc/mapper.go:120.54,121.51 1 0
file-service/internal/presentation/grpc/mapper.go:122.10,124.63 2 0
file-service/internal/presentation/grpc/server.go:25.92,26.16 1 0
file-service/internal/presentation/grpc/server.go:26.16,28.3 1 0
file-service/internal/presentation/grpc/server.go:29.2,29.16 1 0
file-service/internal/presentation/grpc/server.go:29.16,31.3 1 0
file-service/internal/presentation/grpc/server.go:33.2,42.15 4 0
file-service/internal/presentation/grpc/server.go:46.32,49.16 3 0
file-service/internal/presentation/grpc/server.go:49.16,51.3 1 0
file-service/internal/presentation/grpc/server.go:53.2,55.25 3 0
file-service/internal/presentation/grpc/server.go:59.50,60.18 1 0
file-service/internal/presentation/grpc/server.go:60.18,63.3 2 0
file-service/internal/presentation/grpc/server.go:64.2,64.23 1 0
file-service/internal/presentation/grpc/server.go:64.23,66.3 1 0
file-service/internal/presentation/grpc/server.go:67.2,67.12 1 0
file-service/internal/presentation/grpc/server.go:71.117,73.16 2 0
file-service/internal/presentation/grpc/server.go:73.16,75.3 1 0
file-service/internal/presentation/grpc/server.go:77.2,77.43 1 0
file-service/internal/presentation/grpc/server.go:82.120,84.16 2 0
file-service/internal/presentation/grpc/server.go:84.16,86.3 1 0
file-service/internal/presentation/grpc/server.go:88.2,88.49 1 0
file-service/internal/presentation/grpc/server.go:92.108,94.16 2 0
file-service/internal/presentation/grpc/server.go:94.16,96.3 1 0
file-service/internal/presentation/grpc/server.go:98.2,98.72 1 0
file-service/internal/presentation/grpc/server.go:102.117,103.63 1 0
file-service/internal/presentation/grpc/server.go:103.63,105.3 1 0
file-service/internal/presentation/grpc/server.go:107.2,107.54 1 0
file-service/pkg/storage/rustfs/error.go:6.43,8.2 1 0
file-service/pkg/storage/rustfs/error.go:11.60,13.2 1 0
file-service/pkg/storage/rustfs/error.go:16.60,18.2 1 0
file-service/pkg/storage/rustfs/error.go:21.63,23.2 1 0
file-service/pkg/storage/rustfs/rustfs.go:22.75,24.2 1 0
file-service/pkg/storage/rustfs/rustfs.go:30.62,36.16 2 0
file-service/pkg/storage/rustfs/rustfs.go:36.16,38.3 1 0
file-service/pkg/storage/rustfs/rustfs.go:40.2,40.54 1 0
file-service/pkg/storage/rustfs/rustfs.go:40.54,43.3 2 0
file-service/pkg/storage/rustfs/rustfs.go:45.2,47.26 3 0
file-service/pkg/storage/rustfs/rustfs.go:47.26,48.102 1 0
file-service/pkg/storage/rustfs/rustfs.go:48.102,50.4 1 0
file-service/pkg/storage/rustfs/rustfs.go:50.9,52.107 2 0
file-service/pkg/storage/rustfs/rustfs.go:52.107,54.5 1 0
file-service/pkg/storage/rustfs/rustfs.go:54.10,56.5 1 0
file-service/pkg/storage/rustfs/rustfs.go:58.3,58.25 1 0
file-service/pkg/storage/rustfs/rustfs.go:61.2,61.56 1 0
file-service/pkg/storage/rustfs/rustfs.go:64.102,71.16 2 0
file-service/pkg/storage/rustfs/rustfs.go:71.16,73.3 1 0
file-service/pkg/storage/rustfs/rustfs.go:75.2,75.30 1 0
file-service/pkg/storage/rustfs/rustfs.go:78.70,82.17 1 0
file-service/pkg/storage/rustfs/rustfs.go:82.17,84.3 1 0
file-service/pkg/storage/rustfs/rustfs.go:86.2,86.12 1 0
file-service/pkg/storage/rustfs/rustfs.go:89.34,91.2 1 0
file-service/pkg/storage/scylla/error.go:6.53,8.2 1 2
file-service/pkg/storage/scylla/error.go:11.45,13.2 1 3
file-service/pkg/storage/scylla/error.go:16.44,18.2 1 1
file-service/pkg/storage/scylla/scylla.go:30.33,31.17 1 1
file-service/pkg/storage/scylla/scylla.go:31.17,33.3 1 1
file-service/pkg/storage/scylla/scylla.go:36.65,38.2 1 1
file-service/pkg/storage/scylla/scylla.go:40.46,42.2 1 1
file-service/pkg/storage/scylla/scylla.go:48.36,50.2 1 0
file-service/pkg/storage/scylla/scylla.go:52.62,55.2 2 1
file-service/pkg/storage/scylla/scylla.go:57.72,60.2 2 1
file-service/pkg/storage/scylla/scylla.go:62.71,64.16 2 0
file-service/pkg/storage/scylla/scylla.go:64.16,66.3 1 0
file-service/pkg/storage/scylla/scylla.go:67.2,67.36 1 0
file-service/pkg/storage/scylla/scylla.go:87.59,94.24 7 4
file-service/pkg/storage/scylla/scylla.go:94.24,99.3 1 0
file-service/pkg/storage/scylla/scylla.go:101.2,103.41 3 4
file-service/pkg/storage/scylla/scylla.go:103.41,105.17 2 4
file-service/pkg/storage/scylla/scylla.go:105.17,106.9 1 3
file-service/pkg/storage/scylla/scylla.go:108.3,108.31 1 1
file-service/pkg/storage/scylla/scylla.go:110.2,110.16 1 4
file-service/pkg/storage/scylla/scylla.go:110.16,112.3 1 1
file-service/pkg/storage/scylla/scylla.go:114.2,119.39 2 3
file-service/pkg/storage/scylla/scylla.go:119.39,121.3 1 1
file-service/pkg/storage/scylla/scylla.go:123.2,126.41 3 2
file-service/pkg/storage/scylla/scylla.go:126.41,128.17 2 2
file-service/pkg/storage/scylla/scylla.go:128.17,129.9 1 2
file-service/pkg/storage/scylla/scylla.go:131.3,131.31 1 0
file-service/pkg/storage/scylla/scylla.go:133.2,133.16 1 2
file-service/pkg/storage/scylla/scylla.go:133.16,135.3 1 0
file-service/pkg/storage/scylla/scylla.go:137.2,150.24 1 2
file-service/pkg/storage/scylla/scylla.go:150.24,153.3 2 1
file-service/pkg/storage/scylla/scylla.go:155.2,155.17 1 1
file-service/pkg/storage/scylla/scylla.go:158.55,159.51 1 9
file-service/pkg/storage/scylla/scylla.go:160.13,161.19 1 1
file-service/pkg/storage/scylla/scylla.go:162.21,163.27 1 1
file-service/pkg/storage/scylla/scylla.go:164.13,165.19 1 1
file-service/pkg/storage/scylla/scylla.go:166.10,167.22 1 6
